<?xml version="1.0" encoding="UTF-8"?>
<!-- Generated by org.testng.reporters.JUnitXMLReporter -->
<testsuite ignored="0" hostname="WIN-39319556043" failures="3" tests="6" name="Character Encoding" time="59.312" errors="0" timestamp="2022-07-26T16:11:04 CST">
  <testcase classname="com.rs.test.configuration.characterEncoding.CharacterEncoding" name="createCharacterEncoding" time="13.547"/>
  <testcase classname="com.rs.test.configuration.characterEncoding.CharacterEncoding" name="editCharacterEncoding" time="3.348">
    <failure type="org.openqa.selenium.ElementNotInteractableException" message="element not interactable: http://localhost:3000/configuration/character-encoding/ has no size and location
  (Session info: chrome=103.0.5060.134)
Build info: version: &amp;apos;3.141.59&amp;apos;, revision: &amp;apos;e82be7d358&amp;apos;, time: &amp;apos;2018-11-14T08:17:03&amp;apos;
System info: host: &amp;apos;WIN-39319556043&amp;apos;, ip: &amp;apos;192.168.0.20&amp;apos;, os.name: &amp;apos;Windows 10&amp;apos;, os.arch: &amp;apos;amd64&amp;apos;, os.version: &amp;apos;10.0&amp;apos;, java.version: &amp;apos;15.0.2&amp;apos;
Driver info: org.openqa.selenium.chrome.ChromeDriver
Capabilities {acceptInsecureCerts: false, browserName: chrome, browserVersion: 103.0.5060.134, chrome: {chromedriverVersion: 103.0.5060.53 (a1711811edd7..., userDataDir: C:\Users\stelez\AppData\Loc...}, goog:chromeOptions: {debuggerAddress: localhost:51615}, javascriptEnabled: true, networkConnectionEnabled: false, pageLoadStrategy: normal, platform: WINDOWS, platformName: WINDOWS, proxy: Proxy(), setWindowRect: true, strictFileInteractability: false, timeouts: {implicit: 0, pageLoad: 300000, script: 30000}, unhandledPromptBehavior: dismiss and notify, webauthn:extension:credBlob: true, webauthn:extension:largeBlob: true, webauthn:virtualAuthenticators: true}
Session ID: 92d4482bf7184f97a7143d1256c5d8f1">
      <![CDATA[org.openqa.selenium.ElementNotInteractableException: element not interactable: http://localhost:3000/configuration/character-encoding/ has no size and location
  (Session info: chrome=103.0.5060.134)
Build info: version: '3.141.59', revision: 'e82be7d358', time: '2018-11-14T08:17:03'
System info: host: 'WIN-39319556043', ip: '192.168.0.20', os.name: 'Windows 10', os.arch: 'amd64', os.version: '10.0', java.version: '15.0.2'
Driver info: org.openqa.selenium.chrome.ChromeDriver
Capabilities {acceptInsecureCerts: false, browserName: chrome, browserVersion: 103.0.5060.134, chrome: {chromedriverVersion: 103.0.5060.53 (a1711811edd7..., userDataDir: C:\Users\stelez\AppData\Loc...}, goog:chromeOptions: {debuggerAddress: localhost:51615}, javascriptEnabled: true, networkConnectionEnabled: false, pageLoadStrategy: normal, platform: WINDOWS, platformName: WINDOWS, proxy: Proxy(), setWindowRect: true, strictFileInteractability: false, timeouts: {implicit: 0, pageLoad: 300000, script: 30000}, unhandledPromptBehavior: dismiss and notify, webauthn:extension:credBlob: true, webauthn:extension:largeBlob: true, webauthn:virtualAuthenticators: true}
Session ID: 92d4482bf7184f97a7143d1256c5d8f1
at org.openqa.selenium.remote.http.W3CHttpResponseCodec.createException(W3CHttpResponseCodec.java:187)
at org.openqa.selenium.remote.http.W3CHttpResponseCodec.decode(W3CHttpResponseCodec.java:122)
at org.openqa.selenium.remote.http.W3CHttpResponseCodec.decode(W3CHttpResponseCodec.java:49)
at org.openqa.selenium.remote.HttpCommandExecutor.execute(HttpCommandExecutor.java:158)
at org.openqa.selenium.remote.service.DriverCommandExecutor.execute(DriverCommandExecutor.java:83)
at org.openqa.selenium.remote.RemoteWebDriver.execute(RemoteWebDriver.java:552)
at org.openqa.selenium.remote.RemoteWebDriver.perform(RemoteWebDriver.java:618)
at org.openqa.selenium.interactions.Actions$BuiltAction.perform(Actions.java:639)
at org.openqa.selenium.interactions.Actions.perform(Actions.java:595)
at com.rs.test.base.TestBaseSteven.actionsMoveToElementElementSimple(TestBaseSteven.java:306)
at com.rs.test.base.TestBaseSteven.click(TestBaseSteven.java:85)
at com.rs.test.pageObjectModel.configuration.characterEncoding.CharacterEncondingPO.clickOnCharacterEncodingMenu(CharacterEncondingPO.java:116)
at com.rs.test.pageObjectModel.configuration.characterEncoding.CharacterEncondingPO.verification(CharacterEncondingPO.java:350)
at com.rs.test.pageObjectModel.configuration.characterEncoding.CharacterEncondingPO.editCharacterEncoding(CharacterEncondingPO.java:388)
at com.rs.test.configuration.characterEncoding.CharacterEncoding.editCharacterEncoding(CharacterEncoding.java:40)
at java.base/java.util.ArrayList.forEach(ArrayList.java:1511)
... Removed 32 stack frames]]>
    </failure>
  </testcase> <!-- editCharacterEncoding -->
  <testcase classname="com.rs.test.configuration.characterEncoding.CharacterEncoding" name="deleteCharacterEncoding" time="13.436">
    <failure type="java.lang.AssertionError" message="The record wasn&amp;apos;t deleted successfully expected [true] but found [false]">
      <![CDATA[java.lang.AssertionError: The record wasn't deleted successfully expected [true] but found [false]
at com.rs.test.pageObjectModel.configuration.characterEncoding.CharacterEncondingPO.deleteCharacterEncoding(CharacterEncondingPO.java:506)
at com.rs.test.configuration.characterEncoding.CharacterEncoding.deleteCharacterEncoding(CharacterEncoding.java:47)
at java.base/java.util.ArrayList.forEach(ArrayList.java:1511)
... Removed 30 stack frames]]>
    </failure>
  </testcase> <!-- deleteCharacterEncoding -->
  <testcase classname="com.rs.test.configuration.characterEncoding.CharacterEncoding" name="createCustomEncodeCodePoint" time="18.357">
    <failure type="java.lang.AssertionError" message="The record was not created successfully expected [true] but found [false]">
      <![CDATA[java.lang.AssertionError: The record was not created successfully expected [true] but found [false]
at com.rs.test.pageObjectModel.configuration.characterEncoding.CharacterEncondingPO.createCustomEncodeCodePoint(CharacterEncondingPO.java:588)
at com.rs.test.configuration.characterEncoding.CharacterEncoding.createCustomEncodeCodePoint(CharacterEncoding.java:54)
at java.base/java.util.ArrayList.forEach(ArrayList.java:1511)
... Removed 30 stack frames]]>
    </failure>
  </testcase> <!-- createCustomEncodeCodePoint -->
  <testcase classname="com.rs.test.configuration.characterEncoding.CharacterEncoding" name="editCustomEncodeCodePoint" time="0.0">
    <skipped/>
  </testcase> <!-- editCustomEncodeCodePoint -->
  <testcase classname="com.rs.test.configuration.characterEncoding.CharacterEncoding" name="deleteCustomEncodeCodePoint" time="0.0">
    <skipped/>
  </testcase> <!-- deleteCustomEncodeCodePoint -->
</testsuite> <!-- Character Encoding -->
