<?xml version="1.0" encoding="UTF-8"?>
<!-- Generated by org.testng.reporters.JUnitXMLReporter -->
<testsuite ignored="0" hostname="WIN-39319556043" failures="3" tests="8" name="Message Aggregators" time="56.198" errors="0" timestamp="2022-04-05T15:23:36 CST">
  <testcase classname="com.rs.test.configuration.messageAggregators.MessageAggregators" name="createMessageAggregator" time="13.584"/>
  <testcase classname="com.rs.test.configuration.messageAggregators.MessageAggregators" name="editMessageAggregator" time="13.052">
    <failure type="java.lang.AssertionError" message="The record wasn&amp;apos;t edited sucessfully expected [true] but found [false]">
      <![CDATA[java.lang.AssertionError: The record wasn't edited sucessfully expected [true] but found [false]
at com.rs.test.pageObjectModel.configuration.messageAggregators.MessageAggregatorsPO.editMessageAggregator(MessageAggregatorsPO.java:374)
at com.rs.test.configuration.messageAggregators.MessageAggregators.editMessageAggregator(MessageAggregators.java:40)
at java.base/java.util.ArrayList.forEach(ArrayList.java:1511)
... Removed 30 stack frames]]>
    </failure>
  </testcase> <!-- editMessageAggregator -->
  <testcase classname="com.rs.test.configuration.messageAggregators.MessageAggregators" name="createRoutePoints" time="12.243">
    <failure type="java.lang.AssertionError" message="The record was not created successfully expected [true] but found [false]">
      <![CDATA[java.lang.AssertionError: The record was not created successfully expected [true] but found [false]
at com.rs.test.pageObjectModel.configuration.messageAggregators.MessageAggregatorsPO.createRTPoints(MessageAggregatorsPO.java:470)
at com.rs.test.configuration.messageAggregators.MessageAggregators.createRoutePoints(MessageAggregators.java:49)
at java.base/java.util.ArrayList.forEach(ArrayList.java:1511)
... Removed 30 stack frames]]>
    </failure>
  </testcase> <!-- createRoutePoints -->
  <testcase classname="com.rs.test.configuration.messageAggregators.MessageAggregators" name="editRoutePoints" time="0.0">
    <skipped/>
  </testcase> <!-- editRoutePoints -->
  <testcase classname="com.rs.test.configuration.messageAggregators.MessageAggregators" name="deleteRoutePoints" time="0.0">
    <skipped/>
  </testcase> <!-- deleteRoutePoints -->
  <testcase classname="com.rs.test.configuration.messageAggregators.MessageAggregators" name="createPeerBlock" time="1.101">
    <failure type="org.openqa.selenium.ElementClickInterceptedException" message="element click intercepted: Element &amp;lt;button id=&amp;quot;blockedDestinationsModalBtn4&amp;quot;&amp;gt;...&amp;lt;/button&amp;gt; is not clickable at point (1077, 565). Other element would receive the click: &amp;lt;div class=&amp;quot;tablePageModalBack&amp;quot; style=&amp;quot;&amp;quot;&amp;gt;...&amp;lt;/div&amp;gt;
  (Session info: chrome=99.0.4844.84)
Build info: version: &amp;apos;3.141.59&amp;apos;, revision: &amp;apos;e82be7d358&amp;apos;, time: &amp;apos;2018-11-14T08:17:03&amp;apos;
System info: host: &amp;apos;WIN-39319556043&amp;apos;, ip: &amp;apos;192.168.0.16&amp;apos;, os.name: &amp;apos;Windows 10&amp;apos;, os.arch: &amp;apos;amd64&amp;apos;, os.version: &amp;apos;10.0&amp;apos;, java.version: &amp;apos;15.0.2&amp;apos;
Driver info: org.openqa.selenium.chrome.ChromeDriver
Capabilities {acceptInsecureCerts: false, browserName: chrome, browserVersion: 99.0.4844.84, chrome: {chromedriverVersion: 98.0.4758.102 (273bf7ac8c90..., userDataDir: C:\Users\stelez\AppData\Loc...}, goog:chromeOptions: {debuggerAddress: localhost:55672}, javascriptEnabled: true, networkConnectionEnabled: false, pageLoadStrategy: normal, platform: WINDOWS, platformName: WINDOWS, proxy: Proxy(), setWindowRect: true, strictFileInteractability: false, timeouts: {implicit: 0, pageLoad: 300000, script: 30000}, unhandledPromptBehavior: dismiss and notify, webauthn:extension:credBlob: true, webauthn:extension:largeBlob: true, webauthn:virtualAuthenticators: true}
Session ID: 708a22b5ce23a26cbf9f32beba546d4b">
      <![CDATA[org.openqa.selenium.ElementClickInterceptedException: element click intercepted: Element <button id="blockedDestinationsModalBtn4">...</button> is not clickable at point (1077, 565). Other element would receive the click: <div class="tablePageModalBack" style="">...</div>
  (Session info: chrome=99.0.4844.84)
Build info: version: '3.141.59', revision: 'e82be7d358', time: '2018-11-14T08:17:03'
System info: host: 'WIN-39319556043', ip: '192.168.0.16', os.name: 'Windows 10', os.arch: 'amd64', os.version: '10.0', java.version: '15.0.2'
Driver info: org.openqa.selenium.chrome.ChromeDriver
Capabilities {acceptInsecureCerts: false, browserName: chrome, browserVersion: 99.0.4844.84, chrome: {chromedriverVersion: 98.0.4758.102 (273bf7ac8c90..., userDataDir: C:\Users\stelez\AppData\Loc...}, goog:chromeOptions: {debuggerAddress: localhost:55672}, javascriptEnabled: true, networkConnectionEnabled: false, pageLoadStrategy: normal, platform: WINDOWS, platformName: WINDOWS, proxy: Proxy(), setWindowRect: true, strictFileInteractability: false, timeouts: {implicit: 0, pageLoad: 300000, script: 30000}, unhandledPromptBehavior: dismiss and notify, webauthn:extension:credBlob: true, webauthn:extension:largeBlob: true, webauthn:virtualAuthenticators: true}
Session ID: 708a22b5ce23a26cbf9f32beba546d4b
at org.openqa.selenium.remote.http.W3CHttpResponseCodec.createException(W3CHttpResponseCodec.java:187)
at org.openqa.selenium.remote.http.W3CHttpResponseCodec.decode(W3CHttpResponseCodec.java:122)
at org.openqa.selenium.remote.http.W3CHttpResponseCodec.decode(W3CHttpResponseCodec.java:49)
at org.openqa.selenium.remote.HttpCommandExecutor.execute(HttpCommandExecutor.java:158)
at org.openqa.selenium.remote.service.DriverCommandExecutor.execute(DriverCommandExecutor.java:83)
at org.openqa.selenium.remote.RemoteWebDriver.execute(RemoteWebDriver.java:552)
at org.openqa.selenium.remote.RemoteWebElement.execute(RemoteWebElement.java:285)
at org.openqa.selenium.remote.RemoteWebElement.click(RemoteWebElement.java:84)
at com.rs.test.base.TestBaseSteven.click(TestBaseSteven.java:74)
at com.rs.test.pageObjectModel.configuration.messageAggregators.MessageAggregatorsPO.createPeerBlock(MessageAggregatorsPO.java:582)
at com.rs.test.configuration.messageAggregators.MessageAggregators.createPeerBlock(MessageAggregators.java:75)
at java.base/java.util.ArrayList.forEach(ArrayList.java:1511)
... Removed 32 stack frames]]>
    </failure>
  </testcase> <!-- createPeerBlock -->
  <testcase classname="com.rs.test.configuration.messageAggregators.MessageAggregators" name="editPeerBlock" time="0.0">
    <skipped/>
  </testcase> <!-- editPeerBlock -->
  <testcase classname="com.rs.test.configuration.messageAggregators.MessageAggregators" name="deleteMessageAggregator" time="6.078"/>
</testsuite> <!-- Message Aggregators -->
