<?xml version="1.0" encoding="UTF-8"?>
<!-- Generated by org.testng.reporters.JUnitXMLReporter -->
<testsuite ignored="0" hostname="DESKTOP-M23FVFN" failures="2" tests="4" name="TFP -  Periodo &gt; Periodo" time="1130.251" errors="0" timestamp="30 nov. 2021 21:56:24 GMT">
  <testcase classname="com.timp.test.TFP.Periodos.Periodos.PeriodosAlterarPeriodosEmMassa" name="alterarPeriodoEmMassa" time="275.592"/>
  <testcase classname="com.timp.test.TFP.Periodos.Periodos.PeriodosAlterarStatusSubPeriodoAvulso" name="alterarStatusSubPeriodo" time="105.664">
    <failure type="org.openqa.selenium.NoSuchElementException" message="no such element: Unable to locate element: {&amp;quot;method&amp;quot;:&amp;quot;xpath&amp;quot;,&amp;quot;selector&amp;quot;:&amp;quot;//div[contains(@data-id,&amp;quot;14403&amp;quot;)]/div[1]/div/div[2]/ul/li/span[text()=&amp;quot;200 - Pré-Fechamento&amp;quot;]&amp;quot;}
  (Session info: chrome=83.0.4103.61)
For documentation on this error, please visit: https://www.seleniumhq.org/exceptions/no_such_element.html
Build info: version: &amp;apos;3.141.59&amp;apos;, revision: &amp;apos;e82be7d358&amp;apos;, time: &amp;apos;2018-11-14T08:17:03&amp;apos;
System info: host: &amp;apos;DESKTOP-M23FVFN&amp;apos;, ip: &amp;apos;192.168.0.106&amp;apos;, os.name: &amp;apos;Windows 10&amp;apos;, os.arch: &amp;apos;amd64&amp;apos;, os.version: &amp;apos;10.0&amp;apos;, java.version: &amp;apos;17.0.1&amp;apos;
Driver info: org.openqa.selenium.chrome.ChromeDriver
Capabilities {acceptInsecureCerts: false, browserName: chrome, browserVersion: 83.0.4103.61, chrome: {chromedriverVersion: 83.0.4103.39 (ccbf011cb2d2b..., userDataDir: C:\Users\Massiel\AppData\Lo...}, goog:chromeOptions: {debuggerAddress: localhost:49842}, javascriptEnabled: true, networkConnectionEnabled: false, pageLoadStrategy: normal, platform: WINDOWS, platformName: WINDOWS, proxy: Proxy(), setWindowRect: true, strictFileInteractability: false, timeouts: {implicit: 0, pageLoad: 300000, script: 30000}, unhandledPromptBehavior: dismiss and notify, webauthn:virtualAuthenticators: true}
Session ID: ea943d2b94c4c3c7637d933198f355cc
*** Element info: {Using=xpath, value=//div[contains(@data-id,&amp;quot;14403&amp;quot;)]/div[1]/div/div[2]/ul/li/span[text()=&amp;quot;200 - Pré-Fechamento&amp;quot;]}">
      <![CDATA[org.openqa.selenium.NoSuchElementException: no such element: Unable to locate element: {"method":"xpath","selector":"//div[contains(@data-id,"14403")]/div[1]/div/div[2]/ul/li/span[text()="200 - Pré-Fechamento"]"}
  (Session info: chrome=83.0.4103.61)
For documentation on this error, please visit: https://www.seleniumhq.org/exceptions/no_such_element.html
Build info: version: '3.141.59', revision: 'e82be7d358', time: '2018-11-14T08:17:03'
System info: host: 'DESKTOP-M23FVFN', ip: '192.168.0.106', os.name: 'Windows 10', os.arch: 'amd64', os.version: '10.0', java.version: '17.0.1'
Driver info: org.openqa.selenium.chrome.ChromeDriver
Capabilities {acceptInsecureCerts: false, browserName: chrome, browserVersion: 83.0.4103.61, chrome: {chromedriverVersion: 83.0.4103.39 (ccbf011cb2d2b..., userDataDir: C:\Users\Massiel\AppData\Lo...}, goog:chromeOptions: {debuggerAddress: localhost:49842}, javascriptEnabled: true, networkConnectionEnabled: false, pageLoadStrategy: normal, platform: WINDOWS, platformName: WINDOWS, proxy: Proxy(), setWindowRect: true, strictFileInteractability: false, timeouts: {implicit: 0, pageLoad: 300000, script: 30000}, unhandledPromptBehavior: dismiss and notify, webauthn:virtualAuthenticators: true}
Session ID: ea943d2b94c4c3c7637d933198f355cc
*** Element info: {Using=xpath, value=//div[contains(@data-id,"14403")]/div[1]/div/div[2]/ul/li/span[text()="200 - Pré-Fechamento"]}
at org.openqa.selenium.remote.http.W3CHttpResponseCodec.createException(W3CHttpResponseCodec.java:187)
at org.openqa.selenium.remote.http.W3CHttpResponseCodec.decode(W3CHttpResponseCodec.java:122)
at org.openqa.selenium.remote.http.W3CHttpResponseCodec.decode(W3CHttpResponseCodec.java:49)
at org.openqa.selenium.remote.HttpCommandExecutor.execute(HttpCommandExecutor.java:158)
at org.openqa.selenium.remote.service.DriverCommandExecutor.execute(DriverCommandExecutor.java:83)
at org.openqa.selenium.remote.RemoteWebDriver.execute(RemoteWebDriver.java:552)
at org.openqa.selenium.remote.RemoteWebDriver.findElement(RemoteWebDriver.java:323)
at org.openqa.selenium.remote.RemoteWebDriver.findElementByXPath(RemoteWebDriver.java:428)
at org.openqa.selenium.By$ByXPath.findElement(By.java:353)
at org.openqa.selenium.remote.RemoteWebDriver.findElement(RemoteWebDriver.java:315)
at com.sap.timp.pageObjectModel.TFP.Periodos.Periodos.PeriodosAlterarStatusSubPeriodoAvulsoPO.alterarStatusSubPeriodo(PeriodosAlterarStatusSubPeriodoAvulsoPO.java:115)
at com.timp.test.TFP.Periodos.Periodos.PeriodosAlterarStatusSubPeriodoAvulso.alterarStatusSubPeriodo(PeriodosAlterarStatusSubPeriodoAvulso.java:46)
... Removed 29 stack frames]]>
    </failure>
  </testcase> <!-- alterarStatusSubPeriodo -->
  <testcase classname="com.timp.test.TFP.Periodos.Periodos.PeriodosAlterarSubPeriodoEmMassa" name="alterarPeriodoEmMassa" time="455.204">
    <failure type="java.lang.AssertionError" message="Os resultados do filtro não são iguais expected [true] but found [false]">
      <![CDATA[java.lang.AssertionError: Os resultados do filtro não são iguais expected [true] but found [false]
at com.timp.test.TFP.Periodos.Periodos.PeriodosAlterarSubPeriodoEmMassa.alterarPeriodoEmMassa(PeriodosAlterarSubPeriodoEmMassa.java:48)
... Removed 28 stack frames]]>
    </failure>
  </testcase> <!-- alterarPeriodoEmMassa -->
  <testcase classname="com.timp.test.TFP.Periodos.Periodos.PeriodosFiltroPorId" name="filtro" time="92.93"/>
</testsuite> <!-- TFP -  Periodo > Periodo -->
