<!DOCTYPE html PUBLIC "-//W3C//DTD XHTML 1.1//EN" "http://www.w3.org/TR/xhtml11/DTD/xhtml11.dtd">
<html xmlns="http://www.w3.org/1999/xhtml">
<head>
<meta http-equiv="content-type" content="text/html; charset=UTF-8"/>
<title>TestNG Report</title>
<style type="text/css">table {margin-bottom:10px;border-collapse:collapse;empty-cells:show}th,td {border:1px solid #009;padding:.25em .5em}th {vertical-align:bottom}td {vertical-align:top}table a {font-weight:bold}.stripe td {background-color: #E6EBF9}.num {text-align:right}.passedodd td {background-color: #3F3}.passedeven td {background-color: #0A0}.skippedodd td {background-color: #DDD}.skippedeven td {background-color: #CCC}.failedodd td,.attn {background-color: #F33}.failedeven td,.stripe .attn {background-color: #D00}.stacktrace {white-space:pre;font-family:monospace}.totop {font-size:85%;text-align:center;border-bottom:2px solid #000}.invisible {display:none}</style>
</head>
<body>
<table>
<tr><th>Test</th><th># Passed</th><th># Skipped</th><th># Failed</th><th>Time (ms)</th><th>Included Groups</th><th>Excluded Groups</th></tr>
<tr><th colspan="7">Suite</th></tr>
<<<<<<< HEAD
<tr><td><a href="#t0">AdicionarColunas</a></td><td class="num">1</td><td class="num">0</td><td class="num">0</td><td class="num">426,837</td><td></td><td></td></tr>
<tr class="stripe"><td><a href="#t1">PublicoEPrivado</a></td><td class="num">1</td><td class="num">0</td><td class="num">0</td><td class="num">399,290</td><td></td><td></td></tr>
<tr><td><a href="#t2">ExcluirColuna</a></td><td class="num">0</td><td class="num">0</td><td class="num attn">1</td><td class="num">858,269</td><td></td><td></td></tr>
<tr class="stripe"><td><a href="#t3">EditarRelatorio</a></td><td class="num">1</td><td class="num">0</td><td class="num">0</td><td class="num">610,880</td><td></td><td></td></tr>
<tr><td><a href="#t4">ReordenarColuna</a></td><td class="num">1</td><td class="num">0</td><td class="num">0</td><td class="num">344,840</td><td></td><td></td></tr>
<tr class="stripe"><td><a href="#t5">FiltrosRelatorio</a></td><td class="num">0</td><td class="num attn">2</td><td class="num attn">1</td><td class="num">643,152</td><td></td><td></td></tr>
<tr><td><a href="#t6">CriarComCopia</a></td><td class="num">1</td><td class="num">0</td><td class="num">0</td><td class="num">450,812</td><td></td><td></td></tr>
<tr class="stripe"><td><a href="#t7">AtivarCorrecao</a></td><td class="num">1</td><td class="num">0</td><td class="num">0</td><td class="num">385,896</td><td></td><td></td></tr>
<tr><td><a href="#t8">AtivarComentario</a></td><td class="num">1</td><td class="num">0</td><td class="num">0</td><td class="num">262,538</td><td></td><td></td></tr>
<tr class="stripe"><td><a href="#t9">RenomearColuna</a></td><td class="num">0</td><td class="num">0</td><td class="num attn">1</td><td class="num">216,292</td><td></td><td></td></tr>
<tr><td><a href="#t10">Formula</a></td><td class="num">3</td><td class="num">0</td><td class="num">0</td><td class="num">468,964</td><td></td><td></td></tr>
<tr class="stripe"><td><a href="#t11">AgrupadoPeloCampo</a></td><td class="num">0</td><td class="num">0</td><td class="num attn">1</td><td class="num">351,263</td><td></td><td></td></tr>
<tr><td><a href="#t12">CampoOutput</a></td><td class="num">1</td><td class="num">0</td><td class="num">0</td><td class="num">309,997</td><td></td><td></td></tr>
<tr class="stripe"><td><a href="#t13">FormatacaoEVariante</a></td><td class="num">0</td><td class="num attn">2</td><td class="num">0</td><td class="num">305,571</td><td></td><td></td></tr>
<tr><td><a href="#t14">FiltroColunas</a></td><td class="num">0</td><td class="num">0</td><td class="num attn">2</td><td class="num">373,190</td><td></td><td></td></tr>
<tr class="stripe"><td><a href="#t15">GruposAvancados</a></td><td class="num">0</td><td class="num attn">1</td><td class="num attn">1</td><td class="num">265,956</td><td></td><td></td></tr>
<tr><td><a href="#t16">CrescenteEDecrescente</a></td><td class="num">0</td><td class="num">0</td><td class="num attn">1</td><td class="num">410,628</td><td></td><td></td></tr>
<tr class="stripe"><td><a href="#t17">ComentarioListaSuspensa</a></td><td class="num">1</td><td class="num">0</td><td class="num">0</td><td class="num">510,407</td><td></td><td></td></tr>
<tr><td><a href="#t18">ComentarioLibre</a></td><td class="num">0</td><td class="num attn">1</td><td class="num">0</td><td class="num">305,708</td><td></td><td></td></tr>
<tr class="stripe"><td><a href="#t19">Visualizar</a></td><td class="num">1</td><td class="num">0</td><td class="num">0</td><td class="num">346,019</td><td></td><td></td></tr>
<tr><td><a href="#t20">ExcluirRelatorio</a></td><td class="num">2</td><td class="num">0</td><td class="num">0</td><td class="num">350,271</td><td></td><td></td></tr>
<tr class="stripe"><td><a href="#t21">Output Automatico</a></td><td class="num">0</td><td class="num">0</td><td class="num attn">1</td><td class="num">1,092,195</td><td></td><td></td></tr>
<tr><td><a href="#t22">Output Referencia</a></td><td class="num">0</td><td class="num">0</td><td class="num attn">1</td><td class="num">222,229</td><td></td><td></td></tr>
<tr class="stripe"><td><a href="#t23">Atribucao De Regra (Regra)</a></td><td class="num">0</td><td class="num">0</td><td class="num attn">1</td><td class="num">1,659,235</td><td></td><td></td></tr>
<tr><th>Total</th><th class="num">15</th><th class="num attn">6</th><th class="num attn">11</th><th class="num">11,570,439</th><th colspan="2"></th></tr>
=======
<tr><td><a href="#t0">Regra De Campos</a></td><td class="num">4</td><td class="num">0</td><td class="num">0</td><td class="num">1,441,723</td><td></td><td></td></tr>
>>>>>>> branch 'Yessy' of https://github.com/salc1997/TIMP_R1.git
</table>
<<<<<<< HEAD
<table id='summary'><thead><tr><th>Class</th><th>Method</th><th>Start</th><th>Time (ms)</th></tr></thead><tbody><tr><th colspan="4">Suite</th></tr></tbody><tbody id="t0"><tr><th colspan="4">AdicionarColunas &#8212; passed</th></tr><tr class="passedeven"><td rowspan="1">com.timp.test.BRB.AdicionarColunas</td><td><a href="#m0">adicionarColunas</a></td><td rowspan="1">1638480009338</td><td rowspan="1">297940</td></tr></tbody>
<tbody id="t1"><tr><th colspan="4">PublicoEPrivado &#8212; passed</th></tr><tr class="passedeven"><td rowspan="1">com.timp.test.BRB.PublicoEPrivado</td><td><a href="#m1">publicoYPRivado</a></td><td rowspan="1">1638480388012</td><td rowspan="1">314392</td></tr></tbody>
<tbody id="t2"><tr><th colspan="4">ExcluirColuna &#8212; failed</th></tr><tr class="failedeven"><td rowspan="1">com.timp.test.BRB.ExcluirColuna</td><td><a href="#m2">excluirColunaDragNDrop</a></td><td rowspan="1">1638480902579</td><td rowspan="1">661915</td></tr></tbody>
<tbody id="t3"><tr><th colspan="4">EditarRelatorio &#8212; passed</th></tr><tr class="passedeven"><td rowspan="1">com.timp.test.BRB.EditarRelatorio</td><td><a href="#m3">editar</a></td><td rowspan="1">1638481672716</td><td rowspan="1">498910</td></tr></tbody>
<tbody id="t4"><tr><th colspan="4">ReordenarColuna &#8212; passed</th></tr><tr class="passedeven"><td rowspan="1">com.timp.test.BRB.ReordenarColuna</td><td><a href="#m4">reordenar</a></td><td rowspan="1">1638482310420</td><td rowspan="1">206076</td></tr></tbody>
<tbody id="t5"><tr><th colspan="4">FiltrosRelatorio &#8212; failed</th></tr><tr class="failedeven"><td rowspan="1">com.timp.test.BRB.FiltrosRelatorio</td><td><a href="#m5">AfiltrosEditor</a></td><td rowspan="1">1638482626008</td><td rowspan="1">537325</td></tr><tr><th colspan="4">FiltrosRelatorio &#8212; skipped</th></tr><tr class="skippedeven"><td rowspan="2">com.timp.test.BRB.FiltrosRelatorio</td><td><a href="#m6">BfiltrosBiblioteca</a></td><td rowspan="1">1638483163339</td><td rowspan="1">1</td></tr><tr class="skippedeven"><td><a href="#m7">CasignarValores</a></td><td rowspan="1">1638483163342</td><td rowspan="1">0</td></tr></tbody>
<tbody id="t6"><tr><th colspan="4">CriarComCopia &#8212; passed</th></tr><tr class="passedeven"><td rowspan="1">com.timp.test.BRB.CriarComCopia</td><td><a href="#m8">criarCopia</a></td><td rowspan="1">1638483255360</td><td rowspan="1">359451</td></tr></tbody>
<tbody id="t7"><tr><th colspan="4">AtivarCorrecao &#8212; passed</th></tr><tr class="passedeven"><td rowspan="1">com.timp.test.BRB.AtivarCorrecao</td><td><a href="#m9">ativarCorreccion</a></td><td rowspan="1">1638483712721</td><td rowspan="1">283678</td></tr></tbody>
<tbody id="t8"><tr><th colspan="4">AtivarComentario &#8212; passed</th></tr><tr class="passedeven"><td rowspan="1">com.timp.test.BRB.AtivarComentario</td><td><a href="#m10">ativarComentarios</a></td><td rowspan="1">1638484081157</td><td rowspan="1">177949</td></tr></tbody>
<tbody id="t9"><tr><th colspan="4">RenomearColuna &#8212; failed</th></tr><tr class="failedeven"><td rowspan="1">com.timp.test.BRB.RenomearColuna</td><td><a href="#m11">renomearColuna</a></td><td rowspan="1">1638484357398</td><td rowspan="1">117975</td></tr></tbody>
<tbody id="t10"><tr><th colspan="4">Formula &#8212; passed</th></tr><tr class="passedeven"><td rowspan="3">com.timp.test.BRB.Formula</td><td><a href="#m12">aplicar</a></td><td rowspan="1">1638484931023</td><td rowspan="1">17573</td></tr><tr class="passedeven"><td><a href="#m13">formulaBoton</a></td><td rowspan="1">1638484817226</td><td rowspan="1">113795</td></tr><tr class="passedeven"><td><a href="#m14">formulaColuna</a></td><td rowspan="1">1638484648027</td><td rowspan="1">169198</td></tr></tbody>
<tbody id="t11"><tr><th colspan="4">AgrupadoPeloCampo &#8212; failed</th></tr><tr class="failedeven"><td rowspan="1">com.timp.test.BRB.AgrupadoPeloCampo</td><td><a href="#m15">agrupadoPeloCampo</a></td><td rowspan="1">1638485022283</td><td rowspan="1">277585</td></tr></tbody>
<tbody id="t12"><tr><th colspan="4">CampoOutput &#8212; passed</th></tr><tr class="passedeven"><td rowspan="1">com.timp.test.BRB.CampoOutput</td><td><a href="#m16">campoOutput</a></td><td rowspan="1">1638485404625</td><td rowspan="1">200938</td></tr></tbody>
<tbody id="t13"><tr><th colspan="4">FormatacaoEVariante &#8212; failed (configuration methods)</th></tr><tr class="failedeven"><td rowspan="1">com.timp.test.BRB.FormatacaoEVariante</td><td><a href="#m17">beforeClass</a></td><td rowspan="1">1638485609899</td><td rowspan="1">305548</td></tr><tr><th colspan="4">FormatacaoEVariante &#8212; skipped (configuration methods)</th></tr><tr class="skippedeven"><td rowspan="1">com.timp.test.BRB.FormatacaoEVariante</td><td><a href="#m18">afterClass</a></td><td rowspan="1">1638485915466</td><td rowspan="1">0</td></tr><tr><th colspan="4">FormatacaoEVariante &#8212; skipped</th></tr><tr class="skippedeven"><td rowspan="2">com.timp.test.BRB.FormatacaoEVariante</td><td><a href="#m19">excluirVariante</a></td><td rowspan="1">1638485915464</td><td rowspan="1">0</td></tr><tr class="skippedeven"><td><a href="#m20">formatacaoEVariante</a></td><td rowspan="1">1638485915456</td><td rowspan="1">0</td></tr></tbody>
<tbody id="t14"><tr><th colspan="4">FiltroColunas &#8212; failed</th></tr><tr class="failedeven"><td rowspan="2">com.timp.test.BRB.FiltroColunas</td><td><a href="#m21">filtroConFerramenta1</a></td><td rowspan="1">1638486031230</td><td rowspan="1">247695</td></tr><tr class="failedeven"><td><a href="#m22">filtroConFerramenta2</a></td><td rowspan="1">1638486278927</td><td rowspan="1">5440</td></tr></tbody>
<tbody id="t15"><tr><th colspan="4">GruposAvancados &#8212; failed</th></tr><tr class="failedeven"><td rowspan="1">com.timp.test.BRB.GruposAvancados</td><td><a href="#m23">gruposAvanzados</a></td><td rowspan="1">1638486341831</td><td rowspan="1">212578</td></tr><tr><th colspan="4">GruposAvancados &#8212; skipped</th></tr><tr class="skippedeven"><td rowspan="1">com.timp.test.BRB.GruposAvancados</td><td><a href="#m24">eliminarGrupos</a></td><td rowspan="1">1638486554412</td><td rowspan="1">0</td></tr></tbody>
<tbody id="t16"><tr><th colspan="4">CrescenteEDecrescente &#8212; failed</th></tr><tr class="failedeven"><td rowspan="1">com.timp.test.BRB.CrescenteEDecrescente</td><td><a href="#m25">crescenteEDecrescente</a></td><td rowspan="1">1638486681577</td><td rowspan="1">283755</td></tr></tbody>
<tbody id="t17"><tr><th colspan="4">ComentarioListaSuspensa &#8212; passed</th></tr><tr class="passedeven"><td rowspan="1">com.timp.test.BRB.ComentarioListaSuspensa</td><td><a href="#m26">listaSuspensa</a></td><td rowspan="1">1638487054028</td><td rowspan="1">421732</td></tr></tbody>
<tbody id="t18"><tr><th colspan="4">ComentarioLibre &#8212; failed (configuration methods)</th></tr><tr class="failedeven"><td rowspan="1">com.timp.test.BRB.ComentarioLibre</td><td><a href="#m27">beforeClass</a></td><td rowspan="1">1638487475776</td><td rowspan="1">305680</td></tr><tr><th colspan="4">ComentarioLibre &#8212; skipped (configuration methods)</th></tr><tr class="skippedeven"><td rowspan="1">com.timp.test.BRB.ComentarioLibre</td><td><a href="#m28">afterClass</a></td><td rowspan="1">1638487781479</td><td rowspan="1">0</td></tr><tr><th colspan="4">ComentarioLibre &#8212; skipped</th></tr><tr class="skippedeven"><td rowspan="1">com.timp.test.BRB.ComentarioLibre</td><td><a href="#m29">comentarioLibre</a></td><td rowspan="1">1638487781466</td><td rowspan="1">0</td></tr></tbody>
<tbody id="t19"><tr><th colspan="4">Visualizar &#8212; passed</th></tr><tr class="passedeven"><td rowspan="1">com.timp.test.BRB.Visualizar</td><td><a href="#m30">visualizar</a></td><td rowspan="1">1638487915629</td><td rowspan="1">211889</td></tr></tbody>
<tbody id="t20"><tr><th colspan="4">ExcluirRelatorio &#8212; passed</th></tr><tr class="passedeven"><td rowspan="2">com.timp.test.BRB.ExcluirRelatorio</td><td><a href="#m31">eliminar</a></td><td rowspan="1">1638488216239</td><td rowspan="1">201304</td></tr><tr class="passedeven"><td><a href="#m32">eliminarLixeira</a></td><td rowspan="1">1638488417544</td><td rowspan="1">55947</td></tr></tbody>
<tbody id="t21"><tr><th colspan="4">Output Automatico &#8212; failed (configuration methods)</th></tr><tr class="failedeven"><td rowspan="1">com.timp.test.BRB.OutputAutomático</td><td><a href="#m33">afterClass</a></td><td rowspan="1">1638489569764</td><td rowspan="1">259</td></tr><tr><th colspan="4">Output Automatico &#8212; failed</th></tr><tr class="failedeven"><td rowspan="1">com.timp.test.BRB.OutputAutomático</td><td><a href="#m34">outputAutomatico</a></td><td rowspan="1">1638488610339</td><td rowspan="1">959420</td></tr></tbody>
<tbody id="t22"><tr><th colspan="4">Output Referencia &#8212; failed</th></tr><tr class="failedeven"><td rowspan="1">com.timp.test.BRB.OutputdeReferência</td><td><a href="#m35">outputReferencia</a></td><td rowspan="1">1638489632584</td><td rowspan="1">155523</td></tr></tbody>
<tbody id="t23"><tr><th colspan="4">Atribucao De Regra (Regra) &#8212; failed (configuration methods)</th></tr><tr class="failedeven"><td rowspan="1">com.timp.test.BRB.AtribuiçãodeRegra</td><td><a href="#m36">afterClass</a></td><td rowspan="1">1638491451262</td><td rowspan="1">278</td></tr><tr><th colspan="4">Atribucao De Regra (Regra) &#8212; failed</th></tr><tr class="failedeven"><td rowspan="1">com.timp.test.BRB.AtribuiçãodeRegra</td><td><a href="#m37">editar</a></td><td rowspan="1">1638489881022</td><td rowspan="1">1570235</td></tr></tbody>
=======
<table id='summary'><thead><tr><th>Class</th><th>Method</th><th>Start</th><th>Time (ms)</th></tr></thead><tbody><tr><th colspan="4">Suite</th></tr></tbody><tbody id="t0"><tr><th colspan="4">Regra De Campos &#8212; passed</th></tr><tr class="passedeven"><td rowspan="1">com.timp.test.TAA.AtribuiçõesdeRegras.RegraDeCampos.RegraDeCamposCriar</td><td><a href="#m0">criar</a></td><td rowspan="1">1638484368105</td><td rowspan="1">233032</td></tr><tr class="passedodd"><td rowspan="1">com.timp.test.TAA.AtribuiçõesdeRegras.RegraDeCampos.RegraDeCamposEditar</td><td><a href="#m1">editar</a></td><td rowspan="1">1638484723993</td><td rowspan="1">289341</td></tr><tr class="passedeven"><td rowspan="1">com.timp.test.TAA.AtribuiçõesdeRegras.RegraDeCampos.RegraDeCamposExcluir</td><td><a href="#m2">excluir</a></td><td rowspan="1">1638485560185</td><td rowspan="1">161588</td></tr><tr class="passedodd"><td rowspan="1">com.timp.test.TAA.AtribuiçõesdeRegras.RegraDeCampos.RegraDeCamposVer</td><td><a href="#m3">ver</a></td><td rowspan="1">1638485119204</td><td rowspan="1">321871</td></tr></tbody>
>>>>>>> branch 'Yessy' of https://github.com/salc1997/TIMP_R1.git
</table>
<<<<<<< HEAD
<h2>AdicionarColunas</h2><h3 id="m0">com.timp.test.BRB.AdicionarColunas#adicionarColunas</h3><table class="result"><tr><th class="invisible"/></tr></table><p class="totop"><a href="#summary">back to summary</a></p>
<h2>PublicoEPrivado</h2><h3 id="m1">com.timp.test.BRB.PublicoEPrivado#publicoYPRivado</h3><table class="result"><tr><th class="invisible"/></tr></table><p class="totop"><a href="#summary">back to summary</a></p>
<h2>ExcluirColuna</h2><h3 id="m2">com.timp.test.BRB.ExcluirColuna#excluirColunaDragNDrop</h3><table class="result"><tr><th>Exception</th></tr><tr><td><div class="stacktrace">org.openqa.selenium.TimeoutException: Expected condition failed: waiting for element to be clickable: By.xpath: //*[@id=&quot;accordion&quot;]/ul/li/div/div (tried for 360 second(s) with 500 milliseconds interval)
	at org.openqa.selenium.support.ui.WebDriverWait.timeoutException(WebDriverWait.java:95)
	at org.openqa.selenium.support.ui.FluentWait.until(FluentWait.java:272)
	at com.sap.timp.base.TestBaseSteven.waitExpectXpath(TestBaseSteven.java:250)
	at com.sap.timp.pageObjectModel.BRB.ExcluirColunaPO.DragNDrop(ExcluirColunaPO.java:99)
	at com.timp.test.BRB.ExcluirColuna.excluirColunaDragNDrop(ExcluirColuna.java:69)
Caused by: org.openqa.selenium.NoSuchElementException: no such element: Unable to locate element: {&quot;method&quot;:&quot;xpath&quot;,&quot;selector&quot;:&quot;//*[@id=&quot;accordion&quot;]/ul/li/div/div&quot;}
  (Session info: chrome=83.0.4103.106)
For documentation on this error, please visit: https://www.seleniumhq.org/exceptions/no_such_element.html
Build info: version: &apos;3.141.59&apos;, revision: &apos;e82be7d358&apos;, time: &apos;2018-11-14T08:17:03&apos;
System info: host: &apos;DESKTOP-C57COV6&apos;, ip: &apos;192.168.0.108&apos;, os.name: &apos;Windows 10&apos;, os.arch: &apos;amd64&apos;, os.version: &apos;10.0&apos;, java.version: &apos;15.0.2&apos;
Driver info: org.openqa.selenium.chrome.ChromeDriver
Capabilities {acceptInsecureCerts: false, browserName: chrome, browserVersion: 83.0.4103.106, chrome: {chromedriverVersion: 83.0.4103.39 (ccbf011cb2d2b..., userDataDir: C:\Users\AGILES~1\AppData\L...}, goog:chromeOptions: {debuggerAddress: localhost:56262}, javascriptEnabled: true, networkConnectionEnabled: false, pageLoadStrategy: normal, platform: WINDOWS, platformName: WINDOWS, proxy: Proxy(), setWindowRect: true, strictFileInteractability: false, timeouts: {implicit: 0, pageLoad: 300000, script: 30000}, unhandledPromptBehavior: dismiss and notify, webauthn:virtualAuthenticators: true}
Session ID: 312d6ba06777ddf91a01f74403df4cf8
*** Element info: {Using=xpath, value=//*[@id=&quot;accordion&quot;]/ul/li/div/div}
	at org.openqa.selenium.remote.http.W3CHttpResponseCodec.createException(W3CHttpResponseCodec.java:187)
	at org.openqa.selenium.remote.http.W3CHttpResponseCodec.decode(W3CHttpResponseCodec.java:122)
	at org.openqa.selenium.remote.http.W3CHttpResponseCodec.decode(W3CHttpResponseCodec.java:49)
	at org.openqa.selenium.remote.HttpCommandExecutor.execute(HttpCommandExecutor.java:158)
	at org.openqa.selenium.remote.service.DriverCommandExecutor.execute(DriverCommandExecutor.java:83)
	at org.openqa.selenium.remote.RemoteWebDriver.execute(RemoteWebDriver.java:552)
	at org.openqa.selenium.remote.RemoteWebDriver.findElement(RemoteWebDriver.java:323)
	at org.openqa.selenium.remote.RemoteWebDriver.findElementByXPath(RemoteWebDriver.java:428)
	at org.openqa.selenium.By$ByXPath.findElement(By.java:353)
	at org.openqa.selenium.remote.RemoteWebDriver.findElement(RemoteWebDriver.java:315)
	at org.openqa.selenium.support.ui.ExpectedConditions$7.apply(ExpectedConditions.java:205)
	at org.openqa.selenium.support.ui.ExpectedConditions$7.apply(ExpectedConditions.java:201)
	at org.openqa.selenium.support.ui.ExpectedConditions$22.apply(ExpectedConditions.java:641)
	at org.openqa.selenium.support.ui.ExpectedConditions$22.apply(ExpectedConditions.java:638)
	at org.openqa.selenium.support.ui.FluentWait.until(FluentWait.java:249)
	... 28 more
... Removed 29 stack frames</div></td></tr></table><p class="totop"><a href="#summary">back to summary</a></p>
<h2>EditarRelatorio</h2><h3 id="m3">com.timp.test.BRB.EditarRelatorio#editar</h3><table class="result"><tr><th class="invisible"/></tr></table><p class="totop"><a href="#summary">back to summary</a></p>
<h2>ReordenarColuna</h2><h3 id="m4">com.timp.test.BRB.ReordenarColuna#reordenar</h3><table class="result"><tr><th class="invisible"/></tr></table><p class="totop"><a href="#summary">back to summary</a></p>
<h2>FiltrosRelatorio</h2><h3 id="m5">com.timp.test.BRB.FiltrosRelatorio#AfiltrosEditor</h3><table class="result"><tr><th>Exception</th></tr><tr><td><div class="stacktrace">org.openqa.selenium.TimeoutException: Expected condition failed: waiting for element to be clickable: By.xpath: //*[@id=&quot;accordion&quot;]/ul/li (tried for 360 second(s) with 500 milliseconds interval)
	at org.openqa.selenium.support.ui.WebDriverWait.timeoutException(WebDriverWait.java:95)
	at org.openqa.selenium.support.ui.FluentWait.until(FluentWait.java:272)
	at com.sap.timp.base.TestBaseSteven.waitExpectXpath(TestBaseSteven.java:250)
	at com.sap.timp.pageObjectModel.BRB.FiltrosPO.AsignarFiltros(FiltrosPO.java:332)
	at com.timp.test.BRB.FiltrosRelatorio.AfiltrosEditor(FiltrosRelatorio.java:72)
Caused by: org.openqa.selenium.NoSuchElementException: no such element: Unable to locate element: {&quot;method&quot;:&quot;xpath&quot;,&quot;selector&quot;:&quot;//*[@id=&quot;accordion&quot;]/ul/li&quot;}
  (Session info: chrome=83.0.4103.106)
For documentation on this error, please visit: https://www.seleniumhq.org/exceptions/no_such_element.html
Build info: version: &apos;3.141.59&apos;, revision: &apos;e82be7d358&apos;, time: &apos;2018-11-14T08:17:03&apos;
System info: host: &apos;DESKTOP-C57COV6&apos;, ip: &apos;192.168.0.108&apos;, os.name: &apos;Windows 10&apos;, os.arch: &apos;amd64&apos;, os.version: &apos;10.0&apos;, java.version: &apos;15.0.2&apos;
Driver info: org.openqa.selenium.chrome.ChromeDriver
Capabilities {acceptInsecureCerts: false, browserName: chrome, browserVersion: 83.0.4103.106, chrome: {chromedriverVersion: 83.0.4103.39 (ccbf011cb2d2b..., userDataDir: C:\Users\AGILES~1\AppData\L...}, goog:chromeOptions: {debuggerAddress: localhost:57300}, javascriptEnabled: true, networkConnectionEnabled: false, pageLoadStrategy: normal, platform: WINDOWS, platformName: WINDOWS, proxy: Proxy(), setWindowRect: true, strictFileInteractability: false, timeouts: {implicit: 0, pageLoad: 300000, script: 30000}, unhandledPromptBehavior: dismiss and notify, webauthn:virtualAuthenticators: true}
Session ID: f9984c8c08cf0e761f5b76f51c46f32d
*** Element info: {Using=xpath, value=//*[@id=&quot;accordion&quot;]/ul/li}
	at org.openqa.selenium.remote.http.W3CHttpResponseCodec.createException(W3CHttpResponseCodec.java:187)
	at org.openqa.selenium.remote.http.W3CHttpResponseCodec.decode(W3CHttpResponseCodec.java:122)
	at org.openqa.selenium.remote.http.W3CHttpResponseCodec.decode(W3CHttpResponseCodec.java:49)
	at org.openqa.selenium.remote.HttpCommandExecutor.execute(HttpCommandExecutor.java:158)
	at org.openqa.selenium.remote.service.DriverCommandExecutor.execute(DriverCommandExecutor.java:83)
	at org.openqa.selenium.remote.RemoteWebDriver.execute(RemoteWebDriver.java:552)
	at org.openqa.selenium.remote.RemoteWebDriver.findElement(RemoteWebDriver.java:323)
	at org.openqa.selenium.remote.RemoteWebDriver.findElementByXPath(RemoteWebDriver.java:428)
	at org.openqa.selenium.By$ByXPath.findElement(By.java:353)
	at org.openqa.selenium.remote.RemoteWebDriver.findElement(RemoteWebDriver.java:315)
	at org.openqa.selenium.support.ui.ExpectedConditions$7.apply(ExpectedConditions.java:205)
	at org.openqa.selenium.support.ui.ExpectedConditions$7.apply(ExpectedConditions.java:201)
	at org.openqa.selenium.support.ui.ExpectedConditions$22.apply(ExpectedConditions.java:641)
	at org.openqa.selenium.support.ui.ExpectedConditions$22.apply(ExpectedConditions.java:638)
	at org.openqa.selenium.support.ui.FluentWait.until(FluentWait.java:249)
	... 28 more
... Removed 29 stack frames</div></td></tr></table><p class="totop"><a href="#summary">back to summary</a></p>
<h3 id="m6">com.timp.test.BRB.FiltrosRelatorio#BfiltrosBiblioteca</h3><table class="result"><tr><th>Exception</th></tr><tr><td><div class="stacktrace">java.lang.Throwable: Method FiltrosRelatorio.BfiltrosBiblioteca()[pri:0, instance:com.timp.test.BRB.FiltrosRelatorio@338c99c8] depends on not successfully finished methods
... Removed 18 stack frames</div></td></tr></table><p class="totop"><a href="#summary">back to summary</a></p>
<h3 id="m7">com.timp.test.BRB.FiltrosRelatorio#CasignarValores</h3><table class="result"><tr><th>Exception</th></tr><tr><td><div class="stacktrace">java.lang.Throwable: Method FiltrosRelatorio.CasignarValores()[pri:0, instance:com.timp.test.BRB.FiltrosRelatorio@338c99c8] depends on not successfully finished methods
... Removed 18 stack frames</div></td></tr></table><p class="totop"><a href="#summary">back to summary</a></p>
<h2>CriarComCopia</h2><h3 id="m8">com.timp.test.BRB.CriarComCopia#criarCopia</h3><table class="result"><tr><th class="invisible"/></tr></table><p class="totop"><a href="#summary">back to summary</a></p>
<h2>AtivarCorrecao</h2><h3 id="m9">com.timp.test.BRB.AtivarCorrecao#ativarCorreccion</h3><table class="result"><tr><th class="invisible"/></tr></table><p class="totop"><a href="#summary">back to summary</a></p>
<h2>AtivarComentario</h2><h3 id="m10">com.timp.test.BRB.AtivarComentario#ativarComentarios</h3><table class="result"><tr><th class="invisible"/></tr></table><p class="totop"><a href="#summary">back to summary</a></p>
<h2>RenomearColuna</h2><h3 id="m11">com.timp.test.BRB.RenomearColuna#renomearColuna</h3><table class="result"><tr><th>Exception</th></tr><tr><td><div class="stacktrace">org.openqa.selenium.NoSuchElementException: no such element: Unable to locate element: {&quot;method&quot;:&quot;xpath&quot;,&quot;selector&quot;:&quot;//li[@id=&quot;draggable-28&quot;]/div/div/div/div/div/div/div[2]/input&quot;}
  (Session info: chrome=83.0.4103.106)
For documentation on this error, please visit: https://www.seleniumhq.org/exceptions/no_such_element.html
Build info: version: &apos;3.141.59&apos;, revision: &apos;e82be7d358&apos;, time: &apos;2018-11-14T08:17:03&apos;
System info: host: &apos;DESKTOP-C57COV6&apos;, ip: &apos;192.168.0.108&apos;, os.name: &apos;Windows 10&apos;, os.arch: &apos;amd64&apos;, os.version: &apos;10.0&apos;, java.version: &apos;15.0.2&apos;
Driver info: org.openqa.selenium.chrome.ChromeDriver
Capabilities {acceptInsecureCerts: false, browserName: chrome, browserVersion: 83.0.4103.106, chrome: {chromedriverVersion: 83.0.4103.39 (ccbf011cb2d2b..., userDataDir: C:\Users\AGILES~1\AppData\L...}, goog:chromeOptions: {debuggerAddress: localhost:58720}, javascriptEnabled: true, networkConnectionEnabled: false, pageLoadStrategy: normal, platform: WINDOWS, platformName: WINDOWS, proxy: Proxy(), setWindowRect: true, strictFileInteractability: false, timeouts: {implicit: 0, pageLoad: 300000, script: 30000}, unhandledPromptBehavior: dismiss and notify, webauthn:virtualAuthenticators: true}
Session ID: ece25758f5517add784d1bb0591a37a7
*** Element info: {Using=xpath, value=//li[@id=&quot;draggable-28&quot;]/div/div/div/div/div/div/div[2]/input}
	at org.openqa.selenium.remote.http.W3CHttpResponseCodec.createException(W3CHttpResponseCodec.java:187)
	at org.openqa.selenium.remote.http.W3CHttpResponseCodec.decode(W3CHttpResponseCodec.java:122)
	at org.openqa.selenium.remote.http.W3CHttpResponseCodec.decode(W3CHttpResponseCodec.java:49)
	at org.openqa.selenium.remote.HttpCommandExecutor.execute(HttpCommandExecutor.java:158)
	at org.openqa.selenium.remote.service.DriverCommandExecutor.execute(DriverCommandExecutor.java:83)
	at org.openqa.selenium.remote.RemoteWebDriver.execute(RemoteWebDriver.java:552)
	at org.openqa.selenium.remote.RemoteWebDriver.findElement(RemoteWebDriver.java:323)
	at org.openqa.selenium.remote.RemoteWebDriver.findElementByXPath(RemoteWebDriver.java:428)
	at org.openqa.selenium.By$ByXPath.findElement(By.java:353)
	at org.openqa.selenium.remote.RemoteWebDriver.findElement(RemoteWebDriver.java:315)
	at org.openqa.selenium.support.pagefactory.DefaultElementLocator.findElement(DefaultElementLocator.java:69)
	at org.openqa.selenium.support.pagefactory.internal.LocatingElementHandler.invoke(LocatingElementHandler.java:38)
	at com.sun.proxy.$Proxy12.clear(Unknown Source)
	at com.sap.timp.pageObjectModel.BRB.RenomearColunaPO.renomear(RenomearColunaPO.java:84)
	at com.timp.test.BRB.RenomearColuna.renomearColuna(RenomearColuna.java:54)
... Removed 29 stack frames</div></td></tr></table><p class="totop"><a href="#summary">back to summary</a></p>
<h2>Formula</h2><h3 id="m12">com.timp.test.BRB.Formula#aplicar</h3><table class="result"><tr><th class="invisible"/></tr></table><p class="totop"><a href="#summary">back to summary</a></p>
<h3 id="m13">com.timp.test.BRB.Formula#formulaBoton</h3><table class="result"><tr><th class="invisible"/></tr></table><p class="totop"><a href="#summary">back to summary</a></p>
<h3 id="m14">com.timp.test.BRB.Formula#formulaColuna</h3><table class="result"><tr><th class="invisible"/></tr></table><p class="totop"><a href="#summary">back to summary</a></p>
<h2>AgrupadoPeloCampo</h2><h3 id="m15">com.timp.test.BRB.AgrupadoPeloCampo#agrupadoPeloCampo</h3><table class="result"><tr><th>Exception</th></tr><tr><td><div class="stacktrace">org.openqa.selenium.NoSuchElementException: no such element: Unable to locate element: {&quot;method&quot;:&quot;xpath&quot;,&quot;selector&quot;:&quot;//div[@data-group =&quot;1&quot;]&quot;}
  (Session info: chrome=83.0.4103.106)
For documentation on this error, please visit: https://www.seleniumhq.org/exceptions/no_such_element.html
Build info: version: &apos;3.141.59&apos;, revision: &apos;e82be7d358&apos;, time: &apos;2018-11-14T08:17:03&apos;
System info: host: &apos;DESKTOP-C57COV6&apos;, ip: &apos;192.168.0.108&apos;, os.name: &apos;Windows 10&apos;, os.arch: &apos;amd64&apos;, os.version: &apos;10.0&apos;, java.version: &apos;15.0.2&apos;
Driver info: org.openqa.selenium.chrome.ChromeDriver
Capabilities {acceptInsecureCerts: false, browserName: chrome, browserVersion: 83.0.4103.106, chrome: {chromedriverVersion: 83.0.4103.39 (ccbf011cb2d2b..., userDataDir: C:\Users\AGILES~1\AppData\L...}, goog:chromeOptions: {debuggerAddress: localhost:59045}, javascriptEnabled: true, networkConnectionEnabled: false, pageLoadStrategy: normal, platform: WINDOWS, platformName: WINDOWS, proxy: Proxy(), setWindowRect: true, strictFileInteractability: false, timeouts: {implicit: 0, pageLoad: 300000, script: 30000}, unhandledPromptBehavior: dismiss and notify, webauthn:virtualAuthenticators: true}
Session ID: c330536f73cd290af11a52ed5dcf4cd1
*** Element info: {Using=xpath, value=//div[@data-group =&quot;1&quot;]}
	at org.openqa.selenium.remote.http.W3CHttpResponseCodec.createException(W3CHttpResponseCodec.java:187)
	at org.openqa.selenium.remote.http.W3CHttpResponseCodec.decode(W3CHttpResponseCodec.java:122)
	at org.openqa.selenium.remote.http.W3CHttpResponseCodec.decode(W3CHttpResponseCodec.java:49)
	at org.openqa.selenium.remote.HttpCommandExecutor.execute(HttpCommandExecutor.java:158)
	at org.openqa.selenium.remote.service.DriverCommandExecutor.execute(DriverCommandExecutor.java:83)
	at org.openqa.selenium.remote.RemoteWebDriver.execute(RemoteWebDriver.java:552)
	at org.openqa.selenium.remote.RemoteWebDriver.findElement(RemoteWebDriver.java:323)
	at org.openqa.selenium.remote.RemoteWebDriver.findElementByXPath(RemoteWebDriver.java:428)
	at org.openqa.selenium.By$ByXPath.findElement(By.java:353)
	at org.openqa.selenium.remote.RemoteWebDriver.findElement(RemoteWebDriver.java:315)
	at org.openqa.selenium.support.pagefactory.DefaultElementLocator.findElement(DefaultElementLocator.java:69)
	at org.openqa.selenium.support.pagefactory.internal.LocatingElementHandler.invoke(LocatingElementHandler.java:38)
	at com.sun.proxy.$Proxy12.getAttribute(Unknown Source)
	at com.sap.timp.pageObjectModel.BRB.AgrupadoPeloCampoPO.sucesso(AgrupadoPeloCampoPO.java:140)
	at com.timp.test.BRB.AgrupadoPeloCampo.agrupadoPeloCampo(AgrupadoPeloCampo.java:49)
... Removed 29 stack frames</div></td></tr></table><p class="totop"><a href="#summary">back to summary</a></p>
<h2>CampoOutput</h2><h3 id="m16">com.timp.test.BRB.CampoOutput#campoOutput</h3><table class="result"><tr><th class="invisible"/></tr></table><p class="totop"><a href="#summary">back to summary</a></p>
<h2>FormatacaoEVariante</h2><h3 id="m17">com.timp.test.BRB.FormatacaoEVariante#beforeClass</h3><table class="result"><tr><th>Exception</th></tr><tr><td><div class="stacktrace">org.openqa.selenium.TimeoutException: timeout: Timed out receiving message from renderer: 299.777
  (Session info: chrome=83.0.4103.106)
Build info: version: &apos;3.141.59&apos;, revision: &apos;e82be7d358&apos;, time: &apos;2018-11-14T08:17:03&apos;
System info: host: &apos;DESKTOP-C57COV6&apos;, ip: &apos;192.168.0.108&apos;, os.name: &apos;Windows 10&apos;, os.arch: &apos;amd64&apos;, os.version: &apos;10.0&apos;, java.version: &apos;15.0.2&apos;
Driver info: org.openqa.selenium.chrome.ChromeDriver
Capabilities {acceptInsecureCerts: false, browserName: chrome, browserVersion: 83.0.4103.106, chrome: {chromedriverVersion: 83.0.4103.39 (ccbf011cb2d2b..., userDataDir: C:\Users\AGILES~1\AppData\L...}, goog:chromeOptions: {debuggerAddress: localhost:59782}, javascriptEnabled: true, networkConnectionEnabled: false, pageLoadStrategy: normal, platform: WINDOWS, platformName: WINDOWS, proxy: Proxy(), setWindowRect: true, strictFileInteractability: false, timeouts: {implicit: 0, pageLoad: 300000, script: 30000}, unhandledPromptBehavior: dismiss and notify, webauthn:virtualAuthenticators: true}
Session ID: 6e80fa79334b8e5e1539b7925a015dbf
	at org.openqa.selenium.remote.http.W3CHttpResponseCodec.createException(W3CHttpResponseCodec.java:187)
	at org.openqa.selenium.remote.http.W3CHttpResponseCodec.decode(W3CHttpResponseCodec.java:122)
	at org.openqa.selenium.remote.http.W3CHttpResponseCodec.decode(W3CHttpResponseCodec.java:49)
	at org.openqa.selenium.remote.HttpCommandExecutor.execute(HttpCommandExecutor.java:158)
	at org.openqa.selenium.remote.service.DriverCommandExecutor.execute(DriverCommandExecutor.java:83)
	at org.openqa.selenium.remote.RemoteWebDriver.execute(RemoteWebDriver.java:552)
	at org.openqa.selenium.remote.RemoteWebDriver.get(RemoteWebDriver.java:277)
	at com.sap.timp.base.TestBaseSteven.initialization(TestBaseSteven.java:108)
	at com.timp.test.BRB.FormatacaoEVariante.beforeClass(FormatacaoEVariante.java:26)
... Removed 31 stack frames</div></td></tr></table><p class="totop"><a href="#summary">back to summary</a></p>
<h3 id="m18">com.timp.test.BRB.FormatacaoEVariante#afterClass</h3><table class="result"><tr><th class="invisible"/></tr></table><p class="totop"><a href="#summary">back to summary</a></p>
<h3 id="m19">com.timp.test.BRB.FormatacaoEVariante#excluirVariante</h3><table class="result"><tr><th>Exception</th></tr><tr><td><div class="stacktrace">java.lang.Throwable: Method FormatacaoEVariante.excluirVariante()[pri:0, instance:com.timp.test.BRB.FormatacaoEVariante@6ccdb29f] depends on not successfully finished methods
... Removed 18 stack frames</div></td></tr></table><p class="totop"><a href="#summary">back to summary</a></p>
<h3 id="m20">com.timp.test.BRB.FormatacaoEVariante#formatacaoEVariante</h3><table class="result"><tr><th>Exception</th></tr><tr><td><div class="stacktrace">org.openqa.selenium.TimeoutException: timeout: Timed out receiving message from renderer: 299.777
  (Session info: chrome=83.0.4103.106)
Build info: version: &apos;3.141.59&apos;, revision: &apos;e82be7d358&apos;, time: &apos;2018-11-14T08:17:03&apos;
System info: host: &apos;DESKTOP-C57COV6&apos;, ip: &apos;192.168.0.108&apos;, os.name: &apos;Windows 10&apos;, os.arch: &apos;amd64&apos;, os.version: &apos;10.0&apos;, java.version: &apos;15.0.2&apos;
Driver info: org.openqa.selenium.chrome.ChromeDriver
Capabilities {acceptInsecureCerts: false, browserName: chrome, browserVersion: 83.0.4103.106, chrome: {chromedriverVersion: 83.0.4103.39 (ccbf011cb2d2b..., userDataDir: C:\Users\AGILES~1\AppData\L...}, goog:chromeOptions: {debuggerAddress: localhost:59782}, javascriptEnabled: true, networkConnectionEnabled: false, pageLoadStrategy: normal, platform: WINDOWS, platformName: WINDOWS, proxy: Proxy(), setWindowRect: true, strictFileInteractability: false, timeouts: {implicit: 0, pageLoad: 300000, script: 30000}, unhandledPromptBehavior: dismiss and notify, webauthn:virtualAuthenticators: true}
Session ID: 6e80fa79334b8e5e1539b7925a015dbf
	at org.openqa.selenium.remote.http.W3CHttpResponseCodec.createException(W3CHttpResponseCodec.java:187)
	at org.openqa.selenium.remote.http.W3CHttpResponseCodec.decode(W3CHttpResponseCodec.java:122)
	at org.openqa.selenium.remote.http.W3CHttpResponseCodec.decode(W3CHttpResponseCodec.java:49)
	at org.openqa.selenium.remote.HttpCommandExecutor.execute(HttpCommandExecutor.java:158)
	at org.openqa.selenium.remote.service.DriverCommandExecutor.execute(DriverCommandExecutor.java:83)
	at org.openqa.selenium.remote.RemoteWebDriver.execute(RemoteWebDriver.java:552)
	at org.openqa.selenium.remote.RemoteWebDriver.get(RemoteWebDriver.java:277)
	at com.sap.timp.base.TestBaseSteven.initialization(TestBaseSteven.java:108)
	at com.timp.test.BRB.FormatacaoEVariante.beforeClass(FormatacaoEVariante.java:26)
... Removed 31 stack frames</div></td></tr></table><p class="totop"><a href="#summary">back to summary</a></p>
<h2>FiltroColunas</h2><h3 id="m21">com.timp.test.BRB.FiltroColunas#filtroConFerramenta1</h3><table class="result"><tr><th>Exception</th></tr><tr><td><div class="stacktrace">org.openqa.selenium.NoSuchElementException: no such element: Unable to locate element: {&quot;method&quot;:&quot;xpath&quot;,&quot;selector&quot;:&quot;//div[@class=&quot;column-filter visible&quot;]/input&quot;}
  (Session info: chrome=83.0.4103.106)
For documentation on this error, please visit: https://www.seleniumhq.org/exceptions/no_such_element.html
Build info: version: &apos;3.141.59&apos;, revision: &apos;e82be7d358&apos;, time: &apos;2018-11-14T08:17:03&apos;
System info: host: &apos;DESKTOP-C57COV6&apos;, ip: &apos;192.168.0.108&apos;, os.name: &apos;Windows 10&apos;, os.arch: &apos;amd64&apos;, os.version: &apos;10.0&apos;, java.version: &apos;15.0.2&apos;
Driver info: org.openqa.selenium.chrome.ChromeDriver
Capabilities {acceptInsecureCerts: false, browserName: chrome, browserVersion: 83.0.4103.106, chrome: {chromedriverVersion: 83.0.4103.39 (ccbf011cb2d2b..., userDataDir: C:\Users\AGILES~1\AppData\L...}, goog:chromeOptions: {debuggerAddress: localhost:59819}, javascriptEnabled: true, networkConnectionEnabled: false, pageLoadStrategy: normal, platform: WINDOWS, platformName: WINDOWS, proxy: Proxy(), setWindowRect: true, strictFileInteractability: false, timeouts: {implicit: 0, pageLoad: 300000, script: 30000}, unhandledPromptBehavior: dismiss and notify, webauthn:virtualAuthenticators: true}
Session ID: f1f2fc07efd406a5aba4d5d9d606b2fe
*** Element info: {Using=xpath, value=//div[@class=&quot;column-filter visible&quot;]/input}
	at org.openqa.selenium.remote.http.W3CHttpResponseCodec.createException(W3CHttpResponseCodec.java:187)
	at org.openqa.selenium.remote.http.W3CHttpResponseCodec.decode(W3CHttpResponseCodec.java:122)
	at org.openqa.selenium.remote.http.W3CHttpResponseCodec.decode(W3CHttpResponseCodec.java:49)
	at org.openqa.selenium.remote.HttpCommandExecutor.execute(HttpCommandExecutor.java:158)
	at org.openqa.selenium.remote.service.DriverCommandExecutor.execute(DriverCommandExecutor.java:83)
	at org.openqa.selenium.remote.RemoteWebDriver.execute(RemoteWebDriver.java:552)
	at org.openqa.selenium.remote.RemoteWebDriver.findElement(RemoteWebDriver.java:323)
	at org.openqa.selenium.remote.RemoteWebDriver.findElementByXPath(RemoteWebDriver.java:428)
	at org.openqa.selenium.By$ByXPath.findElement(By.java:353)
	at org.openqa.selenium.remote.RemoteWebDriver.findElement(RemoteWebDriver.java:315)
	at org.openqa.selenium.support.pagefactory.DefaultElementLocator.findElement(DefaultElementLocator.java:69)
	at org.openqa.selenium.support.pagefactory.internal.LocatingElementHandler.invoke(LocatingElementHandler.java:38)
	at com.sun.proxy.$Proxy12.getAttribute(Unknown Source)
	at com.sap.timp.pageObjectModel.BRB.FiltroColunasPO.filtroFerramenta(FiltroColunasPO.java:107)
	at com.timp.test.BRB.FiltroColunas.filtroConFerramenta1(FiltroColunas.java:49)
... Removed 29 stack frames</div></td></tr></table><p class="totop"><a href="#summary">back to summary</a></p>
<h3 id="m22">com.timp.test.BRB.FiltroColunas#filtroConFerramenta2</h3><table class="result"><tr><th>Exception</th></tr><tr><td><div class="stacktrace">org.openqa.selenium.NoSuchElementException: no such element: Unable to locate element: {&quot;method&quot;:&quot;xpath&quot;,&quot;selector&quot;:&quot;//div[@data-shcolumn=&quot;115&quot; and @class =&quot;option option-filters&quot;]/div[@class=&quot;column-filter visible&quot;]/label/span&quot;}
  (Session info: chrome=83.0.4103.106)
For documentation on this error, please visit: https://www.seleniumhq.org/exceptions/no_such_element.html
Build info: version: &apos;3.141.59&apos;, revision: &apos;e82be7d358&apos;, time: &apos;2018-11-14T08:17:03&apos;
System info: host: &apos;DESKTOP-C57COV6&apos;, ip: &apos;192.168.0.108&apos;, os.name: &apos;Windows 10&apos;, os.arch: &apos;amd64&apos;, os.version: &apos;10.0&apos;, java.version: &apos;15.0.2&apos;
Driver info: org.openqa.selenium.chrome.ChromeDriver
Capabilities {acceptInsecureCerts: false, browserName: chrome, browserVersion: 83.0.4103.106, chrome: {chromedriverVersion: 83.0.4103.39 (ccbf011cb2d2b..., userDataDir: C:\Users\AGILES~1\AppData\L...}, goog:chromeOptions: {debuggerAddress: localhost:59819}, javascriptEnabled: true, networkConnectionEnabled: false, pageLoadStrategy: normal, platform: WINDOWS, platformName: WINDOWS, proxy: Proxy(), setWindowRect: true, strictFileInteractability: false, timeouts: {implicit: 0, pageLoad: 300000, script: 30000}, unhandledPromptBehavior: dismiss and notify, webauthn:virtualAuthenticators: true}
Session ID: f1f2fc07efd406a5aba4d5d9d606b2fe
*** Element info: {Using=xpath, value=//div[@data-shcolumn=&quot;115&quot; and @class =&quot;option option-filters&quot;]/div[@class=&quot;column-filter visible&quot;]/label/span}
	at org.openqa.selenium.remote.http.W3CHttpResponseCodec.createException(W3CHttpResponseCodec.java:187)
	at org.openqa.selenium.remote.http.W3CHttpResponseCodec.decode(W3CHttpResponseCodec.java:122)
	at org.openqa.selenium.remote.http.W3CHttpResponseCodec.decode(W3CHttpResponseCodec.java:49)
	at org.openqa.selenium.remote.HttpCommandExecutor.execute(HttpCommandExecutor.java:158)
	at org.openqa.selenium.remote.service.DriverCommandExecutor.execute(DriverCommandExecutor.java:83)
	at org.openqa.selenium.remote.RemoteWebDriver.execute(RemoteWebDriver.java:552)
	at org.openqa.selenium.remote.RemoteWebDriver.findElement(RemoteWebDriver.java:323)
	at org.openqa.selenium.remote.RemoteWebDriver.findElementByXPath(RemoteWebDriver.java:428)
	at org.openqa.selenium.By$ByXPath.findElement(By.java:353)
	at org.openqa.selenium.remote.RemoteWebDriver.findElement(RemoteWebDriver.java:315)
	at org.openqa.selenium.support.pagefactory.DefaultElementLocator.findElement(DefaultElementLocator.java:69)
	at org.openqa.selenium.support.pagefactory.internal.LocatingElementHandler.invoke(LocatingElementHandler.java:38)
	at com.sun.proxy.$Proxy12.click(Unknown Source)
	at com.sap.timp.pageObjectModel.BRB.FiltroColunasPO.filtroFerramenta2(FiltroColunasPO.java:167)
	at com.timp.test.BRB.FiltroColunas.filtroConFerramenta2(FiltroColunas.java:67)
... Removed 29 stack frames</div></td></tr></table><p class="totop"><a href="#summary">back to summary</a></p>
<h2>GruposAvancados</h2><h3 id="m23">com.timp.test.BRB.GruposAvancados#gruposAvanzados</h3><table class="result"><tr><th>Exception</th></tr><tr><td><div class="stacktrace">org.openqa.selenium.NoSuchElementException: no such element: Unable to locate element: {&quot;method&quot;:&quot;xpath&quot;,&quot;selector&quot;:&quot;/html/body/div[3]/div/div[3]/button[1]&quot;}
  (Session info: chrome=83.0.4103.106)
For documentation on this error, please visit: https://www.seleniumhq.org/exceptions/no_such_element.html
Build info: version: &apos;3.141.59&apos;, revision: &apos;e82be7d358&apos;, time: &apos;2018-11-14T08:17:03&apos;
System info: host: &apos;DESKTOP-C57COV6&apos;, ip: &apos;192.168.0.108&apos;, os.name: &apos;Windows 10&apos;, os.arch: &apos;amd64&apos;, os.version: &apos;10.0&apos;, java.version: &apos;15.0.2&apos;
Driver info: org.openqa.selenium.chrome.ChromeDriver
Capabilities {acceptInsecureCerts: false, browserName: chrome, browserVersion: 83.0.4103.106, chrome: {chromedriverVersion: 83.0.4103.39 (ccbf011cb2d2b..., userDataDir: C:\Users\AGILES~1\AppData\L...}, goog:chromeOptions: {debuggerAddress: localhost:59865}, javascriptEnabled: true, networkConnectionEnabled: false, pageLoadStrategy: normal, platform: WINDOWS, platformName: WINDOWS, proxy: Proxy(), setWindowRect: true, strictFileInteractability: false, timeouts: {implicit: 0, pageLoad: 300000, script: 30000}, unhandledPromptBehavior: dismiss and notify, webauthn:virtualAuthenticators: true}
Session ID: d79804d9ed8d87f22acd7424eb202951
*** Element info: {Using=xpath, value=/html/body/div[3]/div/div[3]/button[1]}
	at org.openqa.selenium.remote.http.W3CHttpResponseCodec.createException(W3CHttpResponseCodec.java:187)
	at org.openqa.selenium.remote.http.W3CHttpResponseCodec.decode(W3CHttpResponseCodec.java:122)
	at org.openqa.selenium.remote.http.W3CHttpResponseCodec.decode(W3CHttpResponseCodec.java:49)
	at org.openqa.selenium.remote.HttpCommandExecutor.execute(HttpCommandExecutor.java:158)
	at org.openqa.selenium.remote.service.DriverCommandExecutor.execute(DriverCommandExecutor.java:83)
	at org.openqa.selenium.remote.RemoteWebDriver.execute(RemoteWebDriver.java:552)
	at org.openqa.selenium.remote.RemoteWebDriver.findElement(RemoteWebDriver.java:323)
	at org.openqa.selenium.remote.RemoteWebDriver.findElementByXPath(RemoteWebDriver.java:428)
	at org.openqa.selenium.By$ByXPath.findElement(By.java:353)
	at org.openqa.selenium.remote.RemoteWebDriver.findElement(RemoteWebDriver.java:315)
	at org.openqa.selenium.support.pagefactory.DefaultElementLocator.findElement(DefaultElementLocator.java:69)
	at org.openqa.selenium.support.pagefactory.internal.LocatingElementHandler.invoke(LocatingElementHandler.java:38)
	at com.sun.proxy.$Proxy12.click(Unknown Source)
	at com.sap.timp.pageObjectModel.BRB.GruposAvanzadosPO.gruposAvanzadosAplicar(GruposAvanzadosPO.java:152)
	at com.timp.test.BRB.GruposAvancados.gruposAvanzados(GruposAvancados.java:46)
... Removed 29 stack frames</div></td></tr></table><p class="totop"><a href="#summary">back to summary</a></p>
<h3 id="m24">com.timp.test.BRB.GruposAvancados#eliminarGrupos</h3><table class="result"><tr><th>Exception</th></tr><tr><td><div class="stacktrace">java.lang.Throwable: Method GruposAvancados.eliminarGrupos()[pri:0, instance:com.timp.test.BRB.GruposAvancados@66c92293] depends on not successfully finished methods
... Removed 18 stack frames</div></td></tr></table><p class="totop"><a href="#summary">back to summary</a></p>
<h2>CrescenteEDecrescente</h2><h3 id="m25">com.timp.test.BRB.CrescenteEDecrescente#crescenteEDecrescente</h3><table class="result"><tr><th>Exception</th></tr><tr><td><div class="stacktrace">org.openqa.selenium.NoSuchElementException: no such element: Unable to locate element: {&quot;method&quot;:&quot;xpath&quot;,&quot;selector&quot;:&quot;//div[@class=&quot;column-filter visible&quot;][1]/input&quot;}
  (Session info: chrome=83.0.4103.106)
For documentation on this error, please visit: https://www.seleniumhq.org/exceptions/no_such_element.html
Build info: version: &apos;3.141.59&apos;, revision: &apos;e82be7d358&apos;, time: &apos;2018-11-14T08:17:03&apos;
System info: host: &apos;DESKTOP-C57COV6&apos;, ip: &apos;192.168.0.108&apos;, os.name: &apos;Windows 10&apos;, os.arch: &apos;amd64&apos;, os.version: &apos;10.0&apos;, java.version: &apos;15.0.2&apos;
Driver info: org.openqa.selenium.chrome.ChromeDriver
Capabilities {acceptInsecureCerts: false, browserName: chrome, browserVersion: 83.0.4103.106, chrome: {chromedriverVersion: 83.0.4103.39 (ccbf011cb2d2b..., userDataDir: C:\Users\AGILES~1\AppData\L...}, goog:chromeOptions: {debuggerAddress: localhost:60146}, javascriptEnabled: true, networkConnectionEnabled: false, pageLoadStrategy: normal, platform: WINDOWS, platformName: WINDOWS, proxy: Proxy(), setWindowRect: true, strictFileInteractability: false, timeouts: {implicit: 0, pageLoad: 300000, script: 30000}, unhandledPromptBehavior: dismiss and notify, webauthn:virtualAuthenticators: true}
Session ID: d2328c79edae79d94a47d9d1b0f6dc26
*** Element info: {Using=xpath, value=//div[@class=&quot;column-filter visible&quot;][1]/input}
	at org.openqa.selenium.remote.http.W3CHttpResponseCodec.createException(W3CHttpResponseCodec.java:187)
	at org.openqa.selenium.remote.http.W3CHttpResponseCodec.decode(W3CHttpResponseCodec.java:122)
	at org.openqa.selenium.remote.http.W3CHttpResponseCodec.decode(W3CHttpResponseCodec.java:49)
	at org.openqa.selenium.remote.HttpCommandExecutor.execute(HttpCommandExecutor.java:158)
	at org.openqa.selenium.remote.service.DriverCommandExecutor.execute(DriverCommandExecutor.java:83)
	at org.openqa.selenium.remote.RemoteWebDriver.execute(RemoteWebDriver.java:552)
	at org.openqa.selenium.remote.RemoteWebDriver.findElement(RemoteWebDriver.java:323)
	at org.openqa.selenium.remote.RemoteWebDriver.findElementByXPath(RemoteWebDriver.java:428)
	at org.openqa.selenium.By$ByXPath.findElement(By.java:353)
	at org.openqa.selenium.remote.RemoteWebDriver.findElement(RemoteWebDriver.java:315)
	at com.sap.timp.pageObjectModel.BRB.CrescenteEDecrescentePO.crescente(CrescenteEDecrescentePO.java:85)
	at com.timp.test.BRB.CrescenteEDecrescente.crescenteEDecrescente(CrescenteEDecrescente.java:46)
... Removed 29 stack frames</div></td></tr></table><p class="totop"><a href="#summary">back to summary</a></p>
<h2>ComentarioListaSuspensa</h2><h3 id="m26">com.timp.test.BRB.ComentarioListaSuspensa#listaSuspensa</h3><table class="result"><tr><th class="invisible"/></tr></table><p class="totop"><a href="#summary">back to summary</a></p>
<h2>ComentarioLibre</h2><h3 id="m27">com.timp.test.BRB.ComentarioLibre#beforeClass</h3><table class="result"><tr><th>Exception</th></tr><tr><td><div class="stacktrace">org.openqa.selenium.TimeoutException: timeout: Timed out receiving message from renderer: 299.776
  (Session info: chrome=83.0.4103.106)
Build info: version: &apos;3.141.59&apos;, revision: &apos;e82be7d358&apos;, time: &apos;2018-11-14T08:17:03&apos;
System info: host: &apos;DESKTOP-C57COV6&apos;, ip: &apos;192.168.0.108&apos;, os.name: &apos;Windows 10&apos;, os.arch: &apos;amd64&apos;, os.version: &apos;10.0&apos;, java.version: &apos;15.0.2&apos;
Driver info: org.openqa.selenium.chrome.ChromeDriver
Capabilities {acceptInsecureCerts: false, browserName: chrome, browserVersion: 83.0.4103.106, chrome: {chromedriverVersion: 83.0.4103.39 (ccbf011cb2d2b..., userDataDir: C:\Users\AGILES~1\AppData\L...}, goog:chromeOptions: {debuggerAddress: localhost:61147}, javascriptEnabled: true, networkConnectionEnabled: false, pageLoadStrategy: normal, platform: WINDOWS, platformName: WINDOWS, proxy: Proxy(), setWindowRect: true, strictFileInteractability: false, timeouts: {implicit: 0, pageLoad: 300000, script: 30000}, unhandledPromptBehavior: dismiss and notify, webauthn:virtualAuthenticators: true}
Session ID: 19cbbdbc7a763aa650569db89a620b8a
	at org.openqa.selenium.remote.http.W3CHttpResponseCodec.createException(W3CHttpResponseCodec.java:187)
	at org.openqa.selenium.remote.http.W3CHttpResponseCodec.decode(W3CHttpResponseCodec.java:122)
	at org.openqa.selenium.remote.http.W3CHttpResponseCodec.decode(W3CHttpResponseCodec.java:49)
	at org.openqa.selenium.remote.HttpCommandExecutor.execute(HttpCommandExecutor.java:158)
	at org.openqa.selenium.remote.service.DriverCommandExecutor.execute(DriverCommandExecutor.java:83)
	at org.openqa.selenium.remote.RemoteWebDriver.execute(RemoteWebDriver.java:552)
	at org.openqa.selenium.remote.RemoteWebDriver.get(RemoteWebDriver.java:277)
	at com.sap.timp.base.TestBaseSteven.initialization(TestBaseSteven.java:108)
	at com.timp.test.BRB.ComentarioLibre.beforeClass(ComentarioLibre.java:25)
... Removed 31 stack frames</div></td></tr></table><p class="totop"><a href="#summary">back to summary</a></p>
<h3 id="m28">com.timp.test.BRB.ComentarioLibre#afterClass</h3><table class="result"><tr><th class="invisible"/></tr></table><p class="totop"><a href="#summary">back to summary</a></p>
<h3 id="m29">com.timp.test.BRB.ComentarioLibre#comentarioLibre</h3><table class="result"><tr><th>Exception</th></tr><tr><td><div class="stacktrace">org.openqa.selenium.TimeoutException: timeout: Timed out receiving message from renderer: 299.776
  (Session info: chrome=83.0.4103.106)
Build info: version: &apos;3.141.59&apos;, revision: &apos;e82be7d358&apos;, time: &apos;2018-11-14T08:17:03&apos;
System info: host: &apos;DESKTOP-C57COV6&apos;, ip: &apos;192.168.0.108&apos;, os.name: &apos;Windows 10&apos;, os.arch: &apos;amd64&apos;, os.version: &apos;10.0&apos;, java.version: &apos;15.0.2&apos;
Driver info: org.openqa.selenium.chrome.ChromeDriver
Capabilities {acceptInsecureCerts: false, browserName: chrome, browserVersion: 83.0.4103.106, chrome: {chromedriverVersion: 83.0.4103.39 (ccbf011cb2d2b..., userDataDir: C:\Users\AGILES~1\AppData\L...}, goog:chromeOptions: {debuggerAddress: localhost:61147}, javascriptEnabled: true, networkConnectionEnabled: false, pageLoadStrategy: normal, platform: WINDOWS, platformName: WINDOWS, proxy: Proxy(), setWindowRect: true, strictFileInteractability: false, timeouts: {implicit: 0, pageLoad: 300000, script: 30000}, unhandledPromptBehavior: dismiss and notify, webauthn:virtualAuthenticators: true}
Session ID: 19cbbdbc7a763aa650569db89a620b8a
	at org.openqa.selenium.remote.http.W3CHttpResponseCodec.createException(W3CHttpResponseCodec.java:187)
	at org.openqa.selenium.remote.http.W3CHttpResponseCodec.decode(W3CHttpResponseCodec.java:122)
	at org.openqa.selenium.remote.http.W3CHttpResponseCodec.decode(W3CHttpResponseCodec.java:49)
	at org.openqa.selenium.remote.HttpCommandExecutor.execute(HttpCommandExecutor.java:158)
	at org.openqa.selenium.remote.service.DriverCommandExecutor.execute(DriverCommandExecutor.java:83)
	at org.openqa.selenium.remote.RemoteWebDriver.execute(RemoteWebDriver.java:552)
	at org.openqa.selenium.remote.RemoteWebDriver.get(RemoteWebDriver.java:277)
	at com.sap.timp.base.TestBaseSteven.initialization(TestBaseSteven.java:108)
	at com.timp.test.BRB.ComentarioLibre.beforeClass(ComentarioLibre.java:25)
... Removed 31 stack frames</div></td></tr></table><p class="totop"><a href="#summary">back to summary</a></p>
<h2>Visualizar</h2><h3 id="m30">com.timp.test.BRB.Visualizar#visualizar</h3><table class="result"><tr><th class="invisible"/></tr></table><p class="totop"><a href="#summary">back to summary</a></p>
<h2>ExcluirRelatorio</h2><h3 id="m31">com.timp.test.BRB.ExcluirRelatorio#eliminar</h3><table class="result"><tr><th class="invisible"/></tr></table><p class="totop"><a href="#summary">back to summary</a></p>
<h3 id="m32">com.timp.test.BRB.ExcluirRelatorio#eliminarLixeira</h3><table class="result"><tr><th class="invisible"/></tr></table><p class="totop"><a href="#summary">back to summary</a></p>
<h2>Output Automatico</h2><h3 id="m33">com.timp.test.BRB.OutputAutomático#afterClass</h3><table class="result"><tr><th>Exception</th></tr><tr><td><div class="stacktrace">org.openqa.selenium.WebDriverException: chrome not reachable
  (Session info: chrome=83.0.4103.106)
Build info: version: &apos;3.141.59&apos;, revision: &apos;e82be7d358&apos;, time: &apos;2018-11-14T08:17:03&apos;
System info: host: &apos;DESKTOP-C57COV6&apos;, ip: &apos;192.168.0.108&apos;, os.name: &apos;Windows 10&apos;, os.arch: &apos;amd64&apos;, os.version: &apos;10.0&apos;, java.version: &apos;15.0.2&apos;
Driver info: org.openqa.selenium.chrome.ChromeDriver
Capabilities {acceptInsecureCerts: false, browserName: chrome, browserVersion: 83.0.4103.106, chrome: {chromedriverVersion: 83.0.4103.39 (ccbf011cb2d2b..., userDataDir: C:\Users\AGILES~1\AppData\L...}, goog:chromeOptions: {debuggerAddress: localhost:61510}, javascriptEnabled: true, networkConnectionEnabled: false, pageLoadStrategy: normal, platform: WINDOWS, platformName: WINDOWS, proxy: Proxy(), setWindowRect: true, strictFileInteractability: false, timeouts: {implicit: 0, pageLoad: 300000, script: 30000}, unhandledPromptBehavior: dismiss and notify, webauthn:virtualAuthenticators: true}
Session ID: d3bde572d8f0854cb3b9c6f7598b77de
	at org.openqa.selenium.remote.http.W3CHttpResponseCodec.createException(W3CHttpResponseCodec.java:187)
	at org.openqa.selenium.remote.http.W3CHttpResponseCodec.decode(W3CHttpResponseCodec.java:122)
	at org.openqa.selenium.remote.http.W3CHttpResponseCodec.decode(W3CHttpResponseCodec.java:49)
	at org.openqa.selenium.remote.HttpCommandExecutor.execute(HttpCommandExecutor.java:158)
	at org.openqa.selenium.remote.service.DriverCommandExecutor.execute(DriverCommandExecutor.java:83)
	at org.openqa.selenium.remote.RemoteWebDriver.execute(RemoteWebDriver.java:552)
	at org.openqa.selenium.remote.RemoteWebDriver.execute(RemoteWebDriver.java:609)
	at org.openqa.selenium.remote.RemoteWebDriver.close(RemoteWebDriver.java:442)
	at com.timp.test.BRB.OutputAutomático.afterClass(OutputAutomático.java:33)
... Removed 31 stack frames</div></td></tr></table><p class="totop"><a href="#summary">back to summary</a></p>
<h3 id="m34">com.timp.test.BRB.OutputAutomático#outputAutomatico</h3><table class="result"><tr><th>Exception</th></tr><tr><td><div class="stacktrace">org.openqa.selenium.WebDriverException: chrome not reachable
  (Session info: chrome=83.0.4103.106)
Build info: version: &apos;3.141.59&apos;, revision: &apos;e82be7d358&apos;, time: &apos;2018-11-14T08:17:03&apos;
System info: host: &apos;DESKTOP-C57COV6&apos;, ip: &apos;192.168.0.108&apos;, os.name: &apos;Windows 10&apos;, os.arch: &apos;amd64&apos;, os.version: &apos;10.0&apos;, java.version: &apos;15.0.2&apos;
Driver info: org.openqa.selenium.chrome.ChromeDriver
Capabilities {acceptInsecureCerts: false, browserName: chrome, browserVersion: 83.0.4103.106, chrome: {chromedriverVersion: 83.0.4103.39 (ccbf011cb2d2b..., userDataDir: C:\Users\AGILES~1\AppData\L...}, goog:chromeOptions: {debuggerAddress: localhost:61510}, javascriptEnabled: true, networkConnectionEnabled: false, pageLoadStrategy: normal, platform: WINDOWS, platformName: WINDOWS, proxy: Proxy(), setWindowRect: true, strictFileInteractability: false, timeouts: {implicit: 0, pageLoad: 300000, script: 30000}, unhandledPromptBehavior: dismiss and notify, webauthn:virtualAuthenticators: true}
Session ID: d3bde572d8f0854cb3b9c6f7598b77de
*** Element info: {Using=xpath, value=//button[text()=&quot;Não&quot;]}
	at org.openqa.selenium.remote.http.W3CHttpResponseCodec.createException(W3CHttpResponseCodec.java:187)
	at org.openqa.selenium.remote.http.W3CHttpResponseCodec.decode(W3CHttpResponseCodec.java:122)
	at org.openqa.selenium.remote.http.W3CHttpResponseCodec.decode(W3CHttpResponseCodec.java:49)
	at org.openqa.selenium.remote.HttpCommandExecutor.execute(HttpCommandExecutor.java:158)
	at org.openqa.selenium.remote.service.DriverCommandExecutor.execute(DriverCommandExecutor.java:83)
	at org.openqa.selenium.remote.RemoteWebDriver.execute(RemoteWebDriver.java:552)
	at org.openqa.selenium.remote.RemoteWebDriver.findElement(RemoteWebDriver.java:323)
	at org.openqa.selenium.remote.RemoteWebDriver.findElementByXPath(RemoteWebDriver.java:428)
	at org.openqa.selenium.By$ByXPath.findElement(By.java:353)
	at org.openqa.selenium.remote.RemoteWebDriver.findElement(RemoteWebDriver.java:315)
	at org.openqa.selenium.support.pagefactory.DefaultElementLocator.findElement(DefaultElementLocator.java:69)
	at org.openqa.selenium.support.pagefactory.internal.LocatingElementHandler.invoke(LocatingElementHandler.java:38)
	at com.sun.proxy.$Proxy12.isDisplayed(Unknown Source)
	at org.openqa.selenium.support.ui.ExpectedConditions.elementIfVisible(ExpectedConditions.java:314)
	at org.openqa.selenium.support.ui.ExpectedConditions.access$000(ExpectedConditions.java:43)
	at org.openqa.selenium.support.ui.ExpectedConditions$10.apply(ExpectedConditions.java:300)
	at org.openqa.selenium.support.ui.ExpectedConditions$10.apply(ExpectedConditions.java:297)
	at org.openqa.selenium.support.ui.ExpectedConditions$23.apply(ExpectedConditions.java:670)
	at org.openqa.selenium.support.ui.ExpectedConditions$23.apply(ExpectedConditions.java:666)
	at org.openqa.selenium.support.ui.FluentWait.until(FluentWait.java:249)
	at com.sap.timp.base.TestBaseSteven.waitExpectElement(TestBaseSteven.java:282)
	at com.sap.timp.pageObjectModel.BRB.OutputAutomáticoPO.outputAutomatico(OutputAutomáticoPO.java:221)
	at com.timp.test.BRB.OutputAutomático.outputAutomatico(OutputAutomático.java:41)
... Removed 30 stack frames</div></td></tr></table><p class="totop"><a href="#summary">back to summary</a></p>
<h2>Output Referencia</h2><h3 id="m35">com.timp.test.BRB.OutputdeReferência#outputReferencia</h3><table class="result"><tr><th>Exception</th></tr><tr><td><div class="stacktrace">org.openqa.selenium.NoSuchElementException: no such element: Unable to locate element: {&quot;method&quot;:&quot;xpath&quot;,&quot;selector&quot;:&quot;//div[@id=&quot;reference-field&quot;]/div/div[2]&quot;}
  (Session info: chrome=83.0.4103.106)
For documentation on this error, please visit: https://www.seleniumhq.org/exceptions/no_such_element.html
Build info: version: &apos;3.141.59&apos;, revision: &apos;e82be7d358&apos;, time: &apos;2018-11-14T08:17:03&apos;
System info: host: &apos;DESKTOP-C57COV6&apos;, ip: &apos;192.168.0.108&apos;, os.name: &apos;Windows 10&apos;, os.arch: &apos;amd64&apos;, os.version: &apos;10.0&apos;, java.version: &apos;15.0.2&apos;
Driver info: org.openqa.selenium.chrome.ChromeDriver
Capabilities {acceptInsecureCerts: false, browserName: chrome, browserVersion: 83.0.4103.106, chrome: {chromedriverVersion: 83.0.4103.39 (ccbf011cb2d2b..., userDataDir: C:\Users\AGILES~1\AppData\L...}, goog:chromeOptions: {debuggerAddress: localhost:62213}, javascriptEnabled: true, networkConnectionEnabled: false, pageLoadStrategy: normal, platform: WINDOWS, platformName: WINDOWS, proxy: Proxy(), setWindowRect: true, strictFileInteractability: false, timeouts: {implicit: 0, pageLoad: 300000, script: 30000}, unhandledPromptBehavior: dismiss and notify, webauthn:virtualAuthenticators: true}
Session ID: 788588fe8328b562b4435b77dbb5c215
*** Element info: {Using=xpath, value=//div[@id=&quot;reference-field&quot;]/div/div[2]}
	at org.openqa.selenium.remote.http.W3CHttpResponseCodec.createException(W3CHttpResponseCodec.java:187)
	at org.openqa.selenium.remote.http.W3CHttpResponseCodec.decode(W3CHttpResponseCodec.java:122)
	at org.openqa.selenium.remote.http.W3CHttpResponseCodec.decode(W3CHttpResponseCodec.java:49)
	at org.openqa.selenium.remote.HttpCommandExecutor.execute(HttpCommandExecutor.java:158)
	at org.openqa.selenium.remote.service.DriverCommandExecutor.execute(DriverCommandExecutor.java:83)
	at org.openqa.selenium.remote.RemoteWebDriver.execute(RemoteWebDriver.java:552)
	at org.openqa.selenium.remote.RemoteWebDriver.findElement(RemoteWebDriver.java:323)
	at org.openqa.selenium.remote.RemoteWebDriver.findElementByXPath(RemoteWebDriver.java:428)
	at org.openqa.selenium.By$ByXPath.findElement(By.java:353)
	at org.openqa.selenium.remote.RemoteWebDriver.findElement(RemoteWebDriver.java:315)
	at com.sap.timp.pageObjectModel.BRB.OutputdeReferênciaPO.outputReferencia(OutputdeReferênciaPO.java:191)
	at com.timp.test.BRB.OutputdeReferência.outputReferencia(OutputdeReferência.java:44)
... Removed 29 stack frames</div></td></tr></table><p class="totop"><a href="#summary">back to summary</a></p>
<h2>Atribucao De Regra (Regra)</h2><h3 id="m36">com.timp.test.BRB.AtribuiçãodeRegra#afterClass</h3><table class="result"><tr><th>Exception</th></tr><tr><td><div class="stacktrace">org.openqa.selenium.WebDriverException: chrome not reachable
  (Session info: chrome=83.0.4103.106)
Build info: version: &apos;3.141.59&apos;, revision: &apos;e82be7d358&apos;, time: &apos;2018-11-14T08:17:03&apos;
System info: host: &apos;DESKTOP-C57COV6&apos;, ip: &apos;192.168.0.108&apos;, os.name: &apos;Windows 10&apos;, os.arch: &apos;amd64&apos;, os.version: &apos;10.0&apos;, java.version: &apos;15.0.2&apos;
Driver info: org.openqa.selenium.chrome.ChromeDriver
Capabilities {acceptInsecureCerts: false, browserName: chrome, browserVersion: 83.0.4103.106, chrome: {chromedriverVersion: 83.0.4103.39 (ccbf011cb2d2b..., userDataDir: C:\Users\AGILES~1\AppData\L...}, goog:chromeOptions: {debuggerAddress: localhost:62653}, javascriptEnabled: true, networkConnectionEnabled: false, pageLoadStrategy: normal, platform: WINDOWS, platformName: WINDOWS, proxy: Proxy(), setWindowRect: true, strictFileInteractability: false, timeouts: {implicit: 0, pageLoad: 300000, script: 30000}, unhandledPromptBehavior: dismiss and notify, webauthn:virtualAuthenticators: true}
Session ID: 47c7a917f1333a88bc6a2e49847b99c5
	at org.openqa.selenium.remote.http.W3CHttpResponseCodec.createException(W3CHttpResponseCodec.java:187)
	at org.openqa.selenium.remote.http.W3CHttpResponseCodec.decode(W3CHttpResponseCodec.java:122)
	at org.openqa.selenium.remote.http.W3CHttpResponseCodec.decode(W3CHttpResponseCodec.java:49)
	at org.openqa.selenium.remote.HttpCommandExecutor.execute(HttpCommandExecutor.java:158)
	at org.openqa.selenium.remote.service.DriverCommandExecutor.execute(DriverCommandExecutor.java:83)
	at org.openqa.selenium.remote.RemoteWebDriver.execute(RemoteWebDriver.java:552)
	at org.openqa.selenium.remote.RemoteWebDriver.execute(RemoteWebDriver.java:609)
	at org.openqa.selenium.remote.RemoteWebDriver.close(RemoteWebDriver.java:442)
	at com.timp.test.BRB.AtribuiçãodeRegra.afterClass(AtribuiçãodeRegra.java:33)
... Removed 31 stack frames</div></td></tr></table><p class="totop"><a href="#summary">back to summary</a></p>
<h3 id="m37">com.timp.test.BRB.AtribuiçãodeRegra#editar</h3><table class="result"><tr><th>Exception</th></tr><tr><td><div class="stacktrace">org.openqa.selenium.WebDriverException: chrome not reachable
  (Session info: chrome=83.0.4103.106)
Build info: version: &apos;3.141.59&apos;, revision: &apos;e82be7d358&apos;, time: &apos;2018-11-14T08:17:03&apos;
System info: host: &apos;DESKTOP-C57COV6&apos;, ip: &apos;192.168.0.108&apos;, os.name: &apos;Windows 10&apos;, os.arch: &apos;amd64&apos;, os.version: &apos;10.0&apos;, java.version: &apos;15.0.2&apos;
Driver info: org.openqa.selenium.chrome.ChromeDriver
Capabilities {acceptInsecureCerts: false, browserName: chrome, browserVersion: 83.0.4103.106, chrome: {chromedriverVersion: 83.0.4103.39 (ccbf011cb2d2b..., userDataDir: C:\Users\AGILES~1\AppData\L...}, goog:chromeOptions: {debuggerAddress: localhost:62653}, javascriptEnabled: true, networkConnectionEnabled: false, pageLoadStrategy: normal, platform: WINDOWS, platformName: WINDOWS, proxy: Proxy(), setWindowRect: true, strictFileInteractability: false, timeouts: {implicit: 0, pageLoad: 300000, script: 30000}, unhandledPromptBehavior: dismiss and notify, webauthn:virtualAuthenticators: true}
Session ID: 47c7a917f1333a88bc6a2e49847b99c5
*** Element info: {Using=xpath, value=//button[text()=&quot;Não&quot;]}
	at org.openqa.selenium.remote.http.W3CHttpResponseCodec.createException(W3CHttpResponseCodec.java:187)
	at org.openqa.selenium.remote.http.W3CHttpResponseCodec.decode(W3CHttpResponseCodec.java:122)
	at org.openqa.selenium.remote.http.W3CHttpResponseCodec.decode(W3CHttpResponseCodec.java:49)
	at org.openqa.selenium.remote.HttpCommandExecutor.execute(HttpCommandExecutor.java:158)
	at org.openqa.selenium.remote.service.DriverCommandExecutor.execute(DriverCommandExecutor.java:83)
	at org.openqa.selenium.remote.RemoteWebDriver.execute(RemoteWebDriver.java:552)
	at org.openqa.selenium.remote.RemoteWebDriver.findElement(RemoteWebDriver.java:323)
	at org.openqa.selenium.remote.RemoteWebDriver.findElementByXPath(RemoteWebDriver.java:428)
	at org.openqa.selenium.By$ByXPath.findElement(By.java:353)
	at org.openqa.selenium.remote.RemoteWebDriver.findElement(RemoteWebDriver.java:315)
	at org.openqa.selenium.support.pagefactory.DefaultElementLocator.findElement(DefaultElementLocator.java:69)
	at org.openqa.selenium.support.pagefactory.internal.LocatingElementHandler.invoke(LocatingElementHandler.java:38)
	at com.sun.proxy.$Proxy12.isDisplayed(Unknown Source)
	at org.openqa.selenium.support.ui.ExpectedConditions.elementIfVisible(ExpectedConditions.java:314)
	at org.openqa.selenium.support.ui.ExpectedConditions.access$000(ExpectedConditions.java:43)
	at org.openqa.selenium.support.ui.ExpectedConditions$10.apply(ExpectedConditions.java:300)
	at org.openqa.selenium.support.ui.ExpectedConditions$10.apply(ExpectedConditions.java:297)
	at org.openqa.selenium.support.ui.ExpectedConditions$23.apply(ExpectedConditions.java:670)
	at org.openqa.selenium.support.ui.ExpectedConditions$23.apply(ExpectedConditions.java:666)
	at org.openqa.selenium.support.ui.FluentWait.until(FluentWait.java:249)
	at com.sap.timp.base.TestBaseSteven.waitExpectElement(TestBaseSteven.java:282)
	at com.sap.timp.pageObjectModel.BRB.AtribuiçãodeRegraPO.editar(AtribuiçãodeRegraPO.java:208)
	at com.timp.test.BRB.AtribuiçãodeRegra.editar(AtribuiçãodeRegra.java:42)
... Removed 30 stack frames</div></td></tr></table><p class="totop"><a href="#summary">back to summary</a></p>
=======
<h2>Regra De Campos</h2><h3 id="m0">com.timp.test.TAA.AtribuiçõesdeRegras.RegraDeCampos.RegraDeCamposCriar#criar</h3><table class="result"><tr><th class="invisible"/></tr></table><p class="totop"><a href="#summary">back to summary</a></p>
<h3 id="m1">com.timp.test.TAA.AtribuiçõesdeRegras.RegraDeCampos.RegraDeCamposEditar#editar</h3><table class="result"><tr><th class="invisible"/></tr></table><p class="totop"><a href="#summary">back to summary</a></p>
<h3 id="m2">com.timp.test.TAA.AtribuiçõesdeRegras.RegraDeCampos.RegraDeCamposExcluir#excluir</h3><table class="result"><tr><th class="invisible"/></tr></table><p class="totop"><a href="#summary">back to summary</a></p>
<h3 id="m3">com.timp.test.TAA.AtribuiçõesdeRegras.RegraDeCampos.RegraDeCamposVer#ver</h3><table class="result"><tr><th class="invisible"/></tr></table><p class="totop"><a href="#summary">back to summary</a></p>
>>>>>>> branch 'Yessy' of https://github.com/salc1997/TIMP_R1.git
</body>
</html>
